\BOOKMARK [1][-]{section.1}{INTRODUCTION}{}% 1
\BOOKMARK [1][-]{section.2}{Methodology}{}% 2
\BOOKMARK [2][-]{subsection.2.1}{Simulated Data}{section.2}% 3
\BOOKMARK [2][-]{subsection.2.2}{QoIs}{section.2}% 4
\BOOKMARK [2][-]{subsection.2.3}{Experimental Data}{section.2}% 5
\BOOKMARK [1][-]{section.3}{Results}{}% 6
\BOOKMARK [2][-]{subsection.3.1}{QoI \(2.1\) \(volumetric flow rate\)}{section.3}% 7
\BOOKMARK [3][-]{subsubsection.3.1.1}{Rectangular Pulse Stimulus}{subsection.3.1}% 8
\BOOKMARK [3][-]{subsubsection.3.1.2}{Experimental Data Stimulus}{subsection.3.1}% 9
\BOOKMARK [2][-]{subsection.3.2}{QoI \(2.2\) \(KECS Max\)}{section.3}% 10
\BOOKMARK [3][-]{subsubsection.3.2.1}{Rectangular Pulse Stimulus}{subsection.3.2}% 11
\BOOKMARK [3][-]{subsubsection.3.2.2}{Experimental Data Stimulus}{subsection.3.2}% 12
\BOOKMARK [2][-]{subsection.3.3}{QoI \(2.3\) \(KECS Mean\)}{section.3}% 13
\BOOKMARK [3][-]{subsubsection.3.3.1}{Rectangular Pulse Stimulus}{subsection.3.3}% 14
\BOOKMARK [3][-]{subsubsection.3.3.2}{Experimental Data Stimulus}{subsection.3.3}% 15
\BOOKMARK [3][-]{subsubsection.3.3.3}{Rectangular Pulse Stimulus}{subsection.3.3}% 16
\BOOKMARK [3][-]{subsubsection.3.3.4}{Experimental Data Stimulus}{subsection.3.3}% 17
\BOOKMARK [2][-]{subsection.3.4}{QoI \(2.4\) \(KAC Max\)}{section.3}% 18
\BOOKMARK [3][-]{subsubsection.3.4.1}{Rectangular Pulse Stimulus}{subsection.3.4}% 19
\BOOKMARK [3][-]{subsubsection.3.4.2}{Experimental Data Stimulus}{subsection.3.4}% 20
\BOOKMARK [2][-]{subsection.3.5}{QoI \(2.5\)\(KAC Mean\)}{section.3}% 21
\BOOKMARK [3][-]{subsubsection.3.5.1}{Rectangular Pulse Stimulus}{subsection.3.5}% 22
\BOOKMARK [3][-]{subsubsection.3.5.2}{Experimental Data Stimulus}{subsection.3.5}% 23
\BOOKMARK [2][-]{subsection.3.6}{QoI \(2.6\) \(AM+AMp Min\)}{section.3}% 24
\BOOKMARK [3][-]{subsubsection.3.6.1}{Rectangular Pulse Stimulus}{subsection.3.6}% 25
\BOOKMARK [3][-]{subsubsection.3.6.2}{Experimental Data Stimulus}{subsection.3.6}% 26
\BOOKMARK [2][-]{subsection.3.7}{QoI \(2.7\) \(AMp Time Lag\)}{section.3}% 27
\BOOKMARK [3][-]{subsubsection.3.7.1}{Rectangular Pulse Stimulus}{subsection.3.7}% 28
\BOOKMARK [3][-]{subsubsection.3.7.2}{Experimental Data Stimulus}{subsection.3.7}% 29
\BOOKMARK [1][-]{section.4}{Discussion}{}% 30
\BOOKMARK [1][-]{section.5}{Conclusion}{}% 31
