This is pdfTeX, Version 3.14159265-2.6-1.40.18 (TeX Live 2017) (preloaded format=pdflatex 2017.11.26)  5 DEC 2017 10:53
entering extended mode
 restricted \write18 enabled.
 %&-line parsing enabled.
**NVU_eqns_version_2.tex
(./NVU_eqns_version_2.tex
LaTeX2e <2017-04-15>
Babel <3.10> and hyphenation patterns for 84 language(s) loaded.
(/usr/local/texlive/2017/texmf-dist/tex/latex/base/report.cls
Document Class: report 2014/09/29 v1.4h Standard LaTeX document class
(/usr/local/texlive/2017/texmf-dist/tex/latex/base/fleqn.clo
File: fleqn.clo 2016/12/29 v1.2a Standard LaTeX option (flush left equations)
\mathindent=\dimen102
Applying: [2015/01/01] Make \[ robust on input line 50.
LaTeX Info: Redefining \[ on input line 51.
Already applied: [0000/00/00] Make \[ robust on input line 62.
Applying: [2015/01/01] Make \] robust on input line 74.
LaTeX Info: Redefining \] on input line 75.
Already applied: [0000/00/00] Make \] robust on input line 83.
)
(/usr/local/texlive/2017/texmf-dist/tex/latex/base/size10.clo
File: size10.clo 2014/09/29 v1.4h Standard LaTeX file (size option)
)
\c@part=\count79
\c@chapter=\count80
\c@section=\count81
\c@subsection=\count82
\c@subsubsection=\count83
\c@paragraph=\count84
\c@subparagraph=\count85
\c@figure=\count86
\c@table=\count87
\abovecaptionskip=\skip41
\belowcaptionskip=\skip42
\bibindent=\dimen103
)
(/usr/local/texlive/2017/texmf-dist/tex/latex/lineno/lineno.sty
Package: lineno 2005/11/02 line numbers on paragraphs v4.41
\linenopenalty=\count88
\output=\toks14
\linenoprevgraf=\count89
\linenumbersep=\dimen104
\linenumberwidth=\dimen105
\c@linenumber=\count90
\c@pagewiselinenumber=\count91
\c@LN@truepage=\count92
\c@internallinenumber=\count93
\c@internallinenumbers=\count94
\quotelinenumbersep=\dimen106
\bframerule=\dimen107
\bframesep=\dimen108
\bframebox=\box26
LaTeX Info: Redefining \\ on input line 3056.
)
(/usr/local/texlive/2017/texmf-dist/tex/latex/tools/array.sty
Package: array 2016/10/06 v2.4d Tabular extension package (FMi)
\col@sep=\dimen109
\extrarowheight=\dimen110
\NC@list=\toks15
\extratabsurround=\skip43
\backup@length=\skip44
)
(/usr/local/texlive/2017/texmf-dist/tex/latex/booktabs/booktabs.sty
Package: booktabs 2016/04/27 v1.618033 publication quality tables
\heavyrulewidth=\dimen111
\lightrulewidth=\dimen112
\cmidrulewidth=\dimen113
\belowrulesep=\dimen114
\belowbottomsep=\dimen115
\aboverulesep=\dimen116
\abovetopsep=\dimen117
\cmidrulesep=\dimen118
\cmidrulekern=\dimen119
\defaultaddspace=\dimen120
\@cmidla=\count95
\@cmidlb=\count96
\@aboverulesep=\dimen121
\@belowrulesep=\dimen122
\@thisruleclass=\count97
\@lastruleclass=\count98
\@thisrulewidth=\dimen123
)
(/usr/local/texlive/2017/texmf-dist/tex/latex/import/import.sty
Package: import 2009/03/23  v 5.1
)
(/usr/local/texlive/2017/texmf-dist/tex/latex/graphics/graphicx.sty
Package: graphicx 2014/10/28 v1.0g Enhanced LaTeX Graphics (DPC,SPQR)

(/usr/local/texlive/2017/texmf-dist/tex/latex/graphics/keyval.sty
Package: keyval 2014/10/28 v1.15 key=value parser (DPC)
\KV@toks@=\toks16
)
(/usr/local/texlive/2017/texmf-dist/tex/latex/graphics/graphics.sty
Package: graphics 2017/04/14 v1.1b Standard LaTeX Graphics (DPC,SPQR)

(/usr/local/texlive/2017/texmf-dist/tex/latex/graphics/trig.sty
Package: trig 2016/01/03 v1.10 sin cos tan (DPC)
)
(/usr/local/texlive/2017/texmf-dist/tex/latex/graphics-cfg/graphics.cfg
File: graphics.cfg 2016/06/04 v1.11 sample graphics configuration
)
Package graphics Info: Driver file: pdftex.def on input line 99.

(/usr/local/texlive/2017/texmf-dist/tex/latex/graphics-def/pdftex.def
File: pdftex.def 2017/01/12 v0.06k Graphics/color for pdfTeX

(/usr/local/texlive/2017/texmf-dist/tex/generic/oberdiek/infwarerr.sty
Package: infwarerr 2016/05/16 v1.4 Providing info/warning/error messages (HO)
)
(/usr/local/texlive/2017/texmf-dist/tex/generic/oberdiek/ltxcmds.sty
Package: ltxcmds 2016/05/16 v1.23 LaTeX kernel commands for general use (HO)
)
\Gread@gobject=\count99
))
\Gin@req@height=\dimen124
\Gin@req@width=\dimen125
)
(/usr/local/texlive/2017/texmf-dist/tex/latex/base/textcomp.sty
Package: textcomp 2017/04/05 v2.0i Standard LaTeX package
Package textcomp Info: Sub-encoding information:
(textcomp)               5 = only ISO-Adobe without \textcurrency
(textcomp)               4 = 5 + \texteuro
(textcomp)               3 = 4 + \textohm
(textcomp)               2 = 3 + \textestimated + \textcurrency
(textcomp)               1 = TS1 - \textcircled - \t
(textcomp)               0 = TS1 (full)
(textcomp)             Font families with sub-encoding setting implement
(textcomp)             only a restricted character set as indicated.
(textcomp)             Family '?' is the default used for unknown fonts.
(textcomp)             See the documentation for details.
Package textcomp Info: Setting ? sub-encoding to TS1/1 on input line 79.

(/usr/local/texlive/2017/texmf-dist/tex/latex/base/ts1enc.def
File: ts1enc.def 2001/06/05 v3.0e (jk/car/fm) Standard LaTeX file
)
LaTeX Info: Redefining \oldstylenums on input line 334.
Package textcomp Info: Setting cmr sub-encoding to TS1/0 on input line 349.
Package textcomp Info: Setting cmss sub-encoding to TS1/0 on input line 350.
Package textcomp Info: Setting cmtt sub-encoding to TS1/0 on input line 351.
Package textcomp Info: Setting cmvtt sub-encoding to TS1/0 on input line 352.
Package textcomp Info: Setting cmbr sub-encoding to TS1/0 on input line 353.
Package textcomp Info: Setting cmtl sub-encoding to TS1/0 on input line 354.
Package textcomp Info: Setting ccr sub-encoding to TS1/0 on input line 355.
Package textcomp Info: Setting ptm sub-encoding to TS1/4 on input line 356.
Package textcomp Info: Setting pcr sub-encoding to TS1/4 on input line 357.
Package textcomp Info: Setting phv sub-encoding to TS1/4 on input line 358.
Package textcomp Info: Setting ppl sub-encoding to TS1/3 on input line 359.
Package textcomp Info: Setting pag sub-encoding to TS1/4 on input line 360.
Package textcomp Info: Setting pbk sub-encoding to TS1/4 on input line 361.
Package textcomp Info: Setting pnc sub-encoding to TS1/4 on input line 362.
Package textcomp Info: Setting pzc sub-encoding to TS1/4 on input line 363.
Package textcomp Info: Setting bch sub-encoding to TS1/4 on input line 364.
Package textcomp Info: Setting put sub-encoding to TS1/5 on input line 365.
Package textcomp Info: Setting uag sub-encoding to TS1/5 on input line 366.
Package textcomp Info: Setting ugq sub-encoding to TS1/5 on input line 367.
Package textcomp Info: Setting ul8 sub-encoding to TS1/4 on input line 368.
Package textcomp Info: Setting ul9 sub-encoding to TS1/4 on input line 369.
Package textcomp Info: Setting augie sub-encoding to TS1/5 on input line 370.
Package textcomp Info: Setting dayrom sub-encoding to TS1/3 on input line 371.
Package textcomp Info: Setting dayroms sub-encoding to TS1/3 on input line 372.

Package textcomp Info: Setting pxr sub-encoding to TS1/0 on input line 373.
Package textcomp Info: Setting pxss sub-encoding to TS1/0 on input line 374.
Package textcomp Info: Setting pxtt sub-encoding to TS1/0 on input line 375.
Package textcomp Info: Setting txr sub-encoding to TS1/0 on input line 376.
Package textcomp Info: Setting txss sub-encoding to TS1/0 on input line 377.
Package textcomp Info: Setting txtt sub-encoding to TS1/0 on input line 378.
Package textcomp Info: Setting lmr sub-encoding to TS1/0 on input line 379.
Package textcomp Info: Setting lmdh sub-encoding to TS1/0 on input line 380.
Package textcomp Info: Setting lmss sub-encoding to TS1/0 on input line 381.
Package textcomp Info: Setting lmssq sub-encoding to TS1/0 on input line 382.
Package textcomp Info: Setting lmvtt sub-encoding to TS1/0 on input line 383.
Package textcomp Info: Setting lmtt sub-encoding to TS1/0 on input line 384.
Package textcomp Info: Setting qhv sub-encoding to TS1/0 on input line 385.
Package textcomp Info: Setting qag sub-encoding to TS1/0 on input line 386.
Package textcomp Info: Setting qbk sub-encoding to TS1/0 on input line 387.
Package textcomp Info: Setting qcr sub-encoding to TS1/0 on input line 388.
Package textcomp Info: Setting qcs sub-encoding to TS1/0 on input line 389.
Package textcomp Info: Setting qpl sub-encoding to TS1/0 on input line 390.
Package textcomp Info: Setting qtm sub-encoding to TS1/0 on input line 391.
Package textcomp Info: Setting qzc sub-encoding to TS1/0 on input line 392.
Package textcomp Info: Setting qhvc sub-encoding to TS1/0 on input line 393.
Package textcomp Info: Setting futs sub-encoding to TS1/4 on input line 394.
Package textcomp Info: Setting futx sub-encoding to TS1/4 on input line 395.
Package textcomp Info: Setting futj sub-encoding to TS1/4 on input line 396.
Package textcomp Info: Setting hlh sub-encoding to TS1/3 on input line 397.
Package textcomp Info: Setting hls sub-encoding to TS1/3 on input line 398.
Package textcomp Info: Setting hlst sub-encoding to TS1/3 on input line 399.
Package textcomp Info: Setting hlct sub-encoding to TS1/5 on input line 400.
Package textcomp Info: Setting hlx sub-encoding to TS1/5 on input line 401.
Package textcomp Info: Setting hlce sub-encoding to TS1/5 on input line 402.
Package textcomp Info: Setting hlcn sub-encoding to TS1/5 on input line 403.
Package textcomp Info: Setting hlcw sub-encoding to TS1/5 on input line 404.
Package textcomp Info: Setting hlcf sub-encoding to TS1/5 on input line 405.
Package textcomp Info: Setting pplx sub-encoding to TS1/3 on input line 406.
Package textcomp Info: Setting pplj sub-encoding to TS1/3 on input line 407.
Package textcomp Info: Setting ptmx sub-encoding to TS1/4 on input line 408.
Package textcomp Info: Setting ptmj sub-encoding to TS1/4 on input line 409.
)
(/usr/local/texlive/2017/texmf-dist/tex/latex/natbib/natbib.sty
Package: natbib 2010/09/13 8.31b (PWD, AO)
\bibhang=\skip45
\bibsep=\skip46
LaTeX Info: Redefining \cite on input line 694.
\c@NAT@ctr=\count100
)
(/usr/local/texlive/2017/texmf-dist/tex/latex/tools/multicol.sty
Package: multicol 2017/04/11 v1.8q multicolumn formatting (FMi)
\c@tracingmulticols=\count101
\mult@box=\box27
\multicol@leftmargin=\dimen126
\c@unbalance=\count102
\c@collectmore=\count103
\doublecol@number=\count104
\multicoltolerance=\count105
\multicolpretolerance=\count106
\full@width=\dimen127
\page@free=\dimen128
\premulticols=\dimen129
\postmulticols=\dimen130
\multicolsep=\skip47
\multicolbaselineskip=\skip48
\partial@page=\box28
\last@line=\box29
\maxbalancingoverflow=\dimen131
\mult@rightbox=\box30
\mult@grightbox=\box31
\mult@gfirstbox=\box32
\mult@firstbox=\box33
\@tempa=\box34
\@tempa=\box35
\@tempa=\box36
\@tempa=\box37
\@tempa=\box38
\@tempa=\box39
\@tempa=\box40
\@tempa=\box41
\@tempa=\box42
\@tempa=\box43
\@tempa=\box44
\@tempa=\box45
\@tempa=\box46
\@tempa=\box47
\@tempa=\box48
\@tempa=\box49
\@tempa=\box50
\c@columnbadness=\count107
\c@finalcolumnbadness=\count108
\last@try=\dimen132
\multicolovershoot=\dimen133
\multicolundershoot=\dimen134
\mult@nat@firstbox=\box51
\colbreak@box=\box52
\mc@col@check@num=\count109
) (./NVU.sty
Package: NVU 
)
(/usr/local/texlive/2017/texmf-dist/tex/latex/glossaries/base/glossaries.sty
Package: glossaries 2017/01/19 v4.29 (NLCT)

(/usr/local/texlive/2017/texmf-dist/tex/latex/base/ifthen.sty
Package: ifthen 2014/09/29 v1.1c Standard LaTeX ifthen package (DPC)
)
(/usr/local/texlive/2017/texmf-dist/tex/latex/xkeyval/xkeyval.sty
Package: xkeyval 2014/12/03 v2.7a package option processing (HA)

(/usr/local/texlive/2017/texmf-dist/tex/generic/xkeyval/xkeyval.tex
(/usr/local/texlive/2017/texmf-dist/tex/generic/xkeyval/xkvutils.tex
\XKV@toks=\toks17
\XKV@tempa@toks=\toks18
)
\XKV@depth=\count110
File: xkeyval.tex 2014/12/03 v2.7a key=value parser (HA)
))
(/usr/local/texlive/2017/texmf-dist/tex/latex/mfirstuc/mfirstuc.sty
Package: mfirstuc 2016/07/31 v2.04 (NLCT)

(/usr/local/texlive/2017/texmf-dist/tex/latex/etoolbox/etoolbox.sty
Package: etoolbox 2017/01/02 v2.4 e-TeX tools for LaTeX (JAW)
\etb@tempcnta=\count111
)
\@glsmfirst=\toks19
\@glsmrest=\toks20
)
(/usr/local/texlive/2017/texmf-dist/tex/latex/textcase/textcase.sty
Package: textcase 2004/10/07 v0.07 Text only upper/lower case changing (DPC)
)
(/usr/local/texlive/2017/texmf-dist/tex/latex/xfor/xfor.sty
Package: xfor 2009/02/05 v1.05 (NLCT)
)
(/usr/local/texlive/2017/texmf-dist/tex/latex/datatool/datatool-base.sty
Package: datatool-base 2016/07/28 v2.27 (NLCT)

(/usr/local/texlive/2017/texmf-dist/tex/latex/amsmath/amsmath.sty
Package: amsmath 2016/11/05 v2.16a AMS math features
\@mathmargin=\skip49

For additional information on amsmath, use the `?' option.
(/usr/local/texlive/2017/texmf-dist/tex/latex/amsmath/amstext.sty
Package: amstext 2000/06/29 v2.01 AMS text

(/usr/local/texlive/2017/texmf-dist/tex/latex/amsmath/amsgen.sty
File: amsgen.sty 1999/11/30 v2.0 generic functions
\@emptytoks=\toks21
\ex@=\dimen135
))
(/usr/local/texlive/2017/texmf-dist/tex/latex/amsmath/amsbsy.sty
Package: amsbsy 1999/11/29 v1.2d Bold Symbols
\pmbraise@=\dimen136
)
(/usr/local/texlive/2017/texmf-dist/tex/latex/amsmath/amsopn.sty
Package: amsopn 2016/03/08 v2.02 operator names
)
\inf@bad=\count112
LaTeX Info: Redefining \frac on input line 213.
\uproot@=\count113
\leftroot@=\count114
LaTeX Info: Redefining \overline on input line 375.
\classnum@=\count115
\DOTSCASE@=\count116
LaTeX Info: Redefining \ldots on input line 472.
LaTeX Info: Redefining \dots on input line 475.
LaTeX Info: Redefining \cdots on input line 596.
\Mathstrutbox@=\box53
\strutbox@=\box54
\big@size=\dimen137
LaTeX Font Info:    Redeclaring font encoding OML on input line 712.
LaTeX Font Info:    Redeclaring font encoding OMS on input line 713.
\macc@depth=\count117
\c@MaxMatrixCols=\count118
\dotsspace@=\muskip10
\c@parentequation=\count119
\dspbrk@lvl=\count120
\tag@help=\toks22
\row@=\count121
\column@=\count122
\maxfields@=\count123
\andhelp@=\toks23
\eqnshift@=\dimen138
\alignsep@=\dimen139
\tagshift@=\dimen140
\tagwidth@=\dimen141
\totwidth@=\dimen142
\lineht@=\dimen143
\@envbody=\toks24
\multlinegap=\skip50
\multlinetaggap=\skip51
\mathdisplay@stack=\toks25
LaTeX Info: Redefining \[ on input line 2817.
LaTeX Info: Redefining \] on input line 2818.
)
(/usr/local/texlive/2017/texmf-dist/tex/latex/substr/substr.sty
Package: substr 2009/10/20 v1.2 Handle substrings
\c@su@anzahl=\count124
)
(/usr/local/texlive/2017/texmf-dist/tex/latex/datatool/datatool-fp.sty
Package: datatool-fp 2016/07/28 v2.27 (NLCT)

(/usr/local/texlive/2017/texmf-dist/tex/latex/fp/fp.sty
Package: fp 1995/04/02

`Fixed Point Package', Version 0.8, April 2, 1995 (C) Michael Mehlich
(/usr/local/texlive/2017/texmf-dist/tex/latex/fp/defpattern.sty
Package: defpattern 1994/10/12
\actioncount=\count125
)
(/usr/local/texlive/2017/texmf-dist/tex/latex/fp/fp-basic.sty
Package: fp-basic 1996/05/13
\FP@xs=\count126
\FP@xia=\count127
\FP@xib=\count128
\FP@xfa=\count129
\FP@xfb=\count130
\FP@rega=\count131
\FP@regb=\count132
\FP@regs=\count133
\FP@times=\count134
)
(/usr/local/texlive/2017/texmf-dist/tex/latex/fp/fp-addons.sty
Package: fp-addons 1995/03/15
)
(/usr/local/texlive/2017/texmf-dist/tex/latex/fp/fp-snap.sty
Package: fp-snap 1995/04/05
)
(/usr/local/texlive/2017/texmf-dist/tex/latex/fp/fp-exp.sty
Package: fp-exp 1995/04/03
)
(/usr/local/texlive/2017/texmf-dist/tex/latex/fp/fp-trigo.sty
Package: fp-trigo 1995/04/14
)
(/usr/local/texlive/2017/texmf-dist/tex/latex/fp/fp-pas.sty
Package: fp-pas 1994/08/29
)
(/usr/local/texlive/2017/texmf-dist/tex/latex/fp/fp-random.sty
Package: fp-random 1995/02/23
\FPseed=\count135
)
(/usr/local/texlive/2017/texmf-dist/tex/latex/fp/fp-eqn.sty
Package: fp-eqn 1995/04/03
)
(/usr/local/texlive/2017/texmf-dist/tex/latex/fp/fp-upn.sty
Package: fp-upn 1996/10/21
)
(/usr/local/texlive/2017/texmf-dist/tex/latex/fp/fp-eval.sty
Package: fp-eval 1995/04/03
)))
\@dtl@toks=\toks26
\@dtl@tmpcount=\count136
\dtl@tmplength=\skip52
\dtl@sortresult=\count137
\@dtl@numgrpsepcount=\count138
\@dtl@datatype=\count139
\dtl@codeA=\count140
\dtl@codeB=\count141
\@dtl@foreach@level=\count142
)
(/usr/local/texlive/2017/texmf-dist/tex/latex/glossaries/base/glossaries-compat
ible-307.sty
Package: glossaries-compatible-307 2017/01/19 v4.29 (NLCT)
)
\gls@level=\count143
\@gls@tmpb=\toks27
\gls@tmplen=\skip53
\glskeylisttok=\toks28
\glslabeltok=\toks29
\glsshorttok=\toks30
\glslongtok=\toks31

(/usr/local/texlive/2017/texmf-dist/tex/latex/glossaries/styles/glossary-hypern
av.sty
Package: glossary-hypernav 2017/01/19 v4.29 (NLCT)
)
(/usr/local/texlive/2017/texmf-dist/tex/latex/glossaries/styles/glossary-list.s
ty
Package: glossary-list 2017/01/19 v4.29 (NLCT)
\glslistdottedwidth=\skip54
)
(/usr/local/texlive/2017/texmf-dist/tex/latex/glossaries/styles/glossary-long.s
ty
Package: glossary-long 2017/01/19 v4.29 (NLCT)
 (/usr/local/texlive/2017/texmf-dist/tex/latex/tools/longtable.sty
Package: longtable 2014/10/28 v4.11 Multi-page Table package (DPC)
\LTleft=\skip55
\LTright=\skip56
\LTpre=\skip57
\LTpost=\skip58
\LTchunksize=\count144
\LTcapwidth=\dimen144
\LT@head=\box55
\LT@firsthead=\box56
\LT@foot=\box57
\LT@lastfoot=\box58
\LT@cols=\count145
\LT@rows=\count146
\c@LT@tables=\count147
\c@LT@chunks=\count148
\LT@p@ftn=\toks32
)
\glsdescwidth=\skip59
\glspagelistwidth=\skip60
)
(/usr/local/texlive/2017/texmf-dist/tex/latex/glossaries/styles/glossary-super.
sty
Package: glossary-super 2017/01/19 v4.29 (NLCT)
 (/usr/local/texlive/2017/texmf-dist/tex/latex/supertabular/supertabular.sty
Package: supertabular 2004/02/20 v4.1e the supertabular environment
\c@tracingst=\count149
\ST@wd=\dimen145
\ST@rightskip=\skip61
\ST@leftskip=\skip62
\ST@parfillskip=\skip63
\ST@pageleft=\dimen146
\ST@headht=\dimen147
\ST@tailht=\dimen148
\ST@pagesofar=\dimen149
\ST@pboxht=\dimen150
\ST@lineht=\dimen151
\ST@stretchht=\dimen152
\ST@prevht=\dimen153
\ST@toadd=\dimen154
\ST@dimen=\dimen155
\ST@pbox=\box59
))
(/usr/local/texlive/2017/texmf-dist/tex/latex/glossaries/styles/glossary-tree.s
ty
Package: glossary-tree 2017/01/19 v4.29 (NLCT)
\glstreeindent=\skip64
)) (/usr/local/texlive/2017/texmf-dist/tex/latex/todonotes/todonotes.sty
Package: todonotes 2015/07/09 .dtx Todonotes source and documentation.
Package: todonotes 2012/07/25

(/usr/local/texlive/2017/texmf-dist/tex/latex/xcolor/xcolor.sty
Package: xcolor 2016/05/11 v2.12 LaTeX color extensions (UK)

(/usr/local/texlive/2017/texmf-dist/tex/latex/graphics-cfg/color.cfg
File: color.cfg 2016/01/02 v1.6 sample color configuration
)
Package xcolor Info: Driver file: pdftex.def on input line 225.
Package xcolor Info: Model `cmy' substituted by `cmy0' on input line 1348.
Package xcolor Info: Model `hsb' substituted by `rgb' on input line 1352.
Package xcolor Info: Model `RGB' extended on input line 1364.
Package xcolor Info: Model `HTML' substituted by `rgb' on input line 1366.
Package xcolor Info: Model `Hsb' substituted by `hsb' on input line 1367.
Package xcolor Info: Model `tHsb' substituted by `hsb' on input line 1368.
Package xcolor Info: Model `HSB' substituted by `hsb' on input line 1369.
Package xcolor Info: Model `Gray' substituted by `gray' on input line 1370.
Package xcolor Info: Model `wave' substituted by `hsb' on input line 1371.
)
(/usr/local/texlive/2017/texmf-dist/tex/latex/pgf/frontendlayer/tikz.sty
(/usr/local/texlive/2017/texmf-dist/tex/latex/pgf/basiclayer/pgf.sty
(/usr/local/texlive/2017/texmf-dist/tex/latex/pgf/utilities/pgfrcs.sty
(/usr/local/texlive/2017/texmf-dist/tex/generic/pgf/utilities/pgfutil-common.te
x
\pgfutil@everybye=\toks33
\pgfutil@tempdima=\dimen156
\pgfutil@tempdimb=\dimen157

(/usr/local/texlive/2017/texmf-dist/tex/generic/pgf/utilities/pgfutil-common-li
sts.tex))
(/usr/local/texlive/2017/texmf-dist/tex/generic/pgf/utilities/pgfutil-latex.def
\pgfutil@abb=\box60
(/usr/local/texlive/2017/texmf-dist/tex/latex/ms/everyshi.sty
Package: everyshi 2001/05/15 v3.00 EveryShipout Package (MS)
))
(/usr/local/texlive/2017/texmf-dist/tex/generic/pgf/utilities/pgfrcs.code.tex
Package: pgfrcs 2015/08/07 v3.0.1a (rcs-revision 1.31)
))
Package: pgf 2015/08/07 v3.0.1a (rcs-revision 1.15)
(/usr/local/texlive/2017/texmf-dist/tex/latex/pgf/basiclayer/pgfcore.sty
(/usr/local/texlive/2017/texmf-dist/tex/latex/pgf/systemlayer/pgfsys.sty
(/usr/local/texlive/2017/texmf-dist/tex/generic/pgf/systemlayer/pgfsys.code.tex
Package: pgfsys 2014/07/09 v3.0.1a (rcs-revision 1.48)
(/usr/local/texlive/2017/texmf-dist/tex/generic/pgf/utilities/pgfkeys.code.tex
\pgfkeys@pathtoks=\toks34
\pgfkeys@temptoks=\toks35

(/usr/local/texlive/2017/texmf-dist/tex/generic/pgf/utilities/pgfkeysfiltered.c
ode.tex
\pgfkeys@tmptoks=\toks36
))
\pgf@x=\dimen158
\pgf@y=\dimen159
\pgf@xa=\dimen160
\pgf@ya=\dimen161
\pgf@xb=\dimen162
\pgf@yb=\dimen163
\pgf@xc=\dimen164
\pgf@yc=\dimen165
\w@pgf@writea=\write3
\r@pgf@reada=\read1
\c@pgf@counta=\count150
\c@pgf@countb=\count151
\c@pgf@countc=\count152
\c@pgf@countd=\count153
\t@pgf@toka=\toks37
\t@pgf@tokb=\toks38
\t@pgf@tokc=\toks39

(/usr/local/texlive/2017/texmf-dist/tex/generic/pgf/systemlayer/pgf.cfg
File: pgf.cfg 2008/05/14  (rcs-revision 1.7)
)
Driver file for pgf: pgfsys-pdftex.def

(/usr/local/texlive/2017/texmf-dist/tex/generic/pgf/systemlayer/pgfsys-pdftex.d
ef
File: pgfsys-pdftex.def 2014/10/11  (rcs-revision 1.35)

(/usr/local/texlive/2017/texmf-dist/tex/generic/pgf/systemlayer/pgfsys-common-p
df.def
File: pgfsys-common-pdf.def 2013/10/10  (rcs-revision 1.13)
)))
(/usr/local/texlive/2017/texmf-dist/tex/generic/pgf/systemlayer/pgfsyssoftpath.
code.tex
File: pgfsyssoftpath.code.tex 2013/09/09  (rcs-revision 1.9)
\pgfsyssoftpath@smallbuffer@items=\count154
\pgfsyssoftpath@bigbuffer@items=\count155
)
(/usr/local/texlive/2017/texmf-dist/tex/generic/pgf/systemlayer/pgfsysprotocol.
code.tex
File: pgfsysprotocol.code.tex 2006/10/16  (rcs-revision 1.4)
))
(/usr/local/texlive/2017/texmf-dist/tex/generic/pgf/basiclayer/pgfcore.code.tex
Package: pgfcore 2010/04/11 v3.0.1a (rcs-revision 1.7)
(/usr/local/texlive/2017/texmf-dist/tex/generic/pgf/math/pgfmath.code.tex
(/usr/local/texlive/2017/texmf-dist/tex/generic/pgf/math/pgfmathcalc.code.tex
(/usr/local/texlive/2017/texmf-dist/tex/generic/pgf/math/pgfmathutil.code.tex)
(/usr/local/texlive/2017/texmf-dist/tex/generic/pgf/math/pgfmathparser.code.tex
\pgfmath@dimen=\dimen166
\pgfmath@count=\count156
\pgfmath@box=\box61
\pgfmath@toks=\toks40
\pgfmath@stack@operand=\toks41
\pgfmath@stack@operation=\toks42
)
(/usr/local/texlive/2017/texmf-dist/tex/generic/pgf/math/pgfmathfunctions.code.
tex
(/usr/local/texlive/2017/texmf-dist/tex/generic/pgf/math/pgfmathfunctions.basic
.code.tex)
(/usr/local/texlive/2017/texmf-dist/tex/generic/pgf/math/pgfmathfunctions.trigo
nometric.code.tex)
(/usr/local/texlive/2017/texmf-dist/tex/generic/pgf/math/pgfmathfunctions.rando
m.code.tex)
(/usr/local/texlive/2017/texmf-dist/tex/generic/pgf/math/pgfmathfunctions.compa
rison.code.tex)
(/usr/local/texlive/2017/texmf-dist/tex/generic/pgf/math/pgfmathfunctions.base.
code.tex)
(/usr/local/texlive/2017/texmf-dist/tex/generic/pgf/math/pgfmathfunctions.round
.code.tex)
(/usr/local/texlive/2017/texmf-dist/tex/generic/pgf/math/pgfmathfunctions.misc.
code.tex)
(/usr/local/texlive/2017/texmf-dist/tex/generic/pgf/math/pgfmathfunctions.integ
erarithmetics.code.tex)))
(/usr/local/texlive/2017/texmf-dist/tex/generic/pgf/math/pgfmathfloat.code.tex
\c@pgfmathroundto@lastzeros=\count157
))
(/usr/local/texlive/2017/texmf-dist/tex/generic/pgf/basiclayer/pgfcorepoints.co
de.tex
File: pgfcorepoints.code.tex 2013/10/07  (rcs-revision 1.27)
\pgf@picminx=\dimen167
\pgf@picmaxx=\dimen168
\pgf@picminy=\dimen169
\pgf@picmaxy=\dimen170
\pgf@pathminx=\dimen171
\pgf@pathmaxx=\dimen172
\pgf@pathminy=\dimen173
\pgf@pathmaxy=\dimen174
\pgf@xx=\dimen175
\pgf@xy=\dimen176
\pgf@yx=\dimen177
\pgf@yy=\dimen178
\pgf@zx=\dimen179
\pgf@zy=\dimen180
)
(/usr/local/texlive/2017/texmf-dist/tex/generic/pgf/basiclayer/pgfcorepathconst
ruct.code.tex
File: pgfcorepathconstruct.code.tex 2013/10/07  (rcs-revision 1.29)
\pgf@path@lastx=\dimen181
\pgf@path@lasty=\dimen182
)
(/usr/local/texlive/2017/texmf-dist/tex/generic/pgf/basiclayer/pgfcorepathusage
.code.tex
File: pgfcorepathusage.code.tex 2014/11/02  (rcs-revision 1.24)
\pgf@shorten@end@additional=\dimen183
\pgf@shorten@start@additional=\dimen184
)
(/usr/local/texlive/2017/texmf-dist/tex/generic/pgf/basiclayer/pgfcorescopes.co
de.tex
File: pgfcorescopes.code.tex 2015/05/08  (rcs-revision 1.46)
\pgfpic=\box62
\pgf@hbox=\box63
\pgf@layerbox@main=\box64
\pgf@picture@serial@count=\count158
)
(/usr/local/texlive/2017/texmf-dist/tex/generic/pgf/basiclayer/pgfcoregraphicst
ate.code.tex
File: pgfcoregraphicstate.code.tex 2014/11/02  (rcs-revision 1.12)
\pgflinewidth=\dimen185
)
(/usr/local/texlive/2017/texmf-dist/tex/generic/pgf/basiclayer/pgfcoretransform
ations.code.tex
File: pgfcoretransformations.code.tex 2015/08/07  (rcs-revision 1.20)
\pgf@pt@x=\dimen186
\pgf@pt@y=\dimen187
\pgf@pt@temp=\dimen188
)
(/usr/local/texlive/2017/texmf-dist/tex/generic/pgf/basiclayer/pgfcorequick.cod
e.tex
File: pgfcorequick.code.tex 2008/10/09  (rcs-revision 1.3)
)
(/usr/local/texlive/2017/texmf-dist/tex/generic/pgf/basiclayer/pgfcoreobjects.c
ode.tex
File: pgfcoreobjects.code.tex 2006/10/11  (rcs-revision 1.2)
)
(/usr/local/texlive/2017/texmf-dist/tex/generic/pgf/basiclayer/pgfcorepathproce
ssing.code.tex
File: pgfcorepathprocessing.code.tex 2013/09/09  (rcs-revision 1.9)
)
(/usr/local/texlive/2017/texmf-dist/tex/generic/pgf/basiclayer/pgfcorearrows.co
de.tex
File: pgfcorearrows.code.tex 2015/05/14  (rcs-revision 1.43)
\pgfarrowsep=\dimen189
)
(/usr/local/texlive/2017/texmf-dist/tex/generic/pgf/basiclayer/pgfcoreshade.cod
e.tex
File: pgfcoreshade.code.tex 2013/07/15  (rcs-revision 1.15)
\pgf@max=\dimen190
\pgf@sys@shading@range@num=\count159
)
(/usr/local/texlive/2017/texmf-dist/tex/generic/pgf/basiclayer/pgfcoreimage.cod
e.tex
File: pgfcoreimage.code.tex 2013/07/15  (rcs-revision 1.18)

(/usr/local/texlive/2017/texmf-dist/tex/generic/pgf/basiclayer/pgfcoreexternal.
code.tex
File: pgfcoreexternal.code.tex 2014/07/09  (rcs-revision 1.21)
\pgfexternal@startupbox=\box65
))
(/usr/local/texlive/2017/texmf-dist/tex/generic/pgf/basiclayer/pgfcorelayers.co
de.tex
File: pgfcorelayers.code.tex 2013/07/18  (rcs-revision 1.7)
)
(/usr/local/texlive/2017/texmf-dist/tex/generic/pgf/basiclayer/pgfcoretranspare
ncy.code.tex
File: pgfcoretransparency.code.tex 2013/09/30  (rcs-revision 1.5)
)
(/usr/local/texlive/2017/texmf-dist/tex/generic/pgf/basiclayer/pgfcorepatterns.
code.tex
File: pgfcorepatterns.code.tex 2013/11/07  (rcs-revision 1.5)
)))
(/usr/local/texlive/2017/texmf-dist/tex/generic/pgf/modules/pgfmoduleshapes.cod
e.tex
File: pgfmoduleshapes.code.tex 2014/03/21  (rcs-revision 1.35)
\pgfnodeparttextbox=\box66
)
(/usr/local/texlive/2017/texmf-dist/tex/generic/pgf/modules/pgfmoduleplot.code.
tex
File: pgfmoduleplot.code.tex 2015/08/03  (rcs-revision 1.13)
)
(/usr/local/texlive/2017/texmf-dist/tex/latex/pgf/compatibility/pgfcomp-version
-0-65.sty
Package: pgfcomp-version-0-65 2007/07/03 v3.0.1a (rcs-revision 1.7)
\pgf@nodesepstart=\dimen191
\pgf@nodesepend=\dimen192
)
(/usr/local/texlive/2017/texmf-dist/tex/latex/pgf/compatibility/pgfcomp-version
-1-18.sty
Package: pgfcomp-version-1-18 2007/07/23 v3.0.1a (rcs-revision 1.1)
))
(/usr/local/texlive/2017/texmf-dist/tex/latex/pgf/utilities/pgffor.sty
(/usr/local/texlive/2017/texmf-dist/tex/latex/pgf/utilities/pgfkeys.sty
(/usr/local/texlive/2017/texmf-dist/tex/generic/pgf/utilities/pgfkeys.code.tex)
) (/usr/local/texlive/2017/texmf-dist/tex/latex/pgf/math/pgfmath.sty
(/usr/local/texlive/2017/texmf-dist/tex/generic/pgf/math/pgfmath.code.tex))
(/usr/local/texlive/2017/texmf-dist/tex/generic/pgf/utilities/pgffor.code.tex
Package: pgffor 2013/12/13 v3.0.1a (rcs-revision 1.25)

(/usr/local/texlive/2017/texmf-dist/tex/generic/pgf/math/pgfmath.code.tex)
\pgffor@iter=\dimen193
\pgffor@skip=\dimen194
\pgffor@stack=\toks43
\pgffor@toks=\toks44
))
(/usr/local/texlive/2017/texmf-dist/tex/generic/pgf/frontendlayer/tikz/tikz.cod
e.tex
Package: tikz 2015/08/07 v3.0.1a (rcs-revision 1.151)

(/usr/local/texlive/2017/texmf-dist/tex/generic/pgf/libraries/pgflibraryplothan
dlers.code.tex
File: pgflibraryplothandlers.code.tex 2013/08/31 v3.0.1a (rcs-revision 1.20)
\pgf@plot@mark@count=\count160
\pgfplotmarksize=\dimen195
)
\tikz@lastx=\dimen196
\tikz@lasty=\dimen197
\tikz@lastxsaved=\dimen198
\tikz@lastysaved=\dimen199
\tikzleveldistance=\dimen256
\tikzsiblingdistance=\dimen257
\tikz@figbox=\box67
\tikz@figbox@bg=\box68
\tikz@tempbox=\box69
\tikz@tempbox@bg=\box70
\tikztreelevel=\count161
\tikznumberofchildren=\count162
\tikznumberofcurrentchild=\count163
\tikz@fig@count=\count164

(/usr/local/texlive/2017/texmf-dist/tex/generic/pgf/modules/pgfmodulematrix.cod
e.tex
File: pgfmodulematrix.code.tex 2013/09/17  (rcs-revision 1.8)
\pgfmatrixcurrentrow=\count165
\pgfmatrixcurrentcolumn=\count166
\pgf@matrix@numberofcolumns=\count167
)
\tikz@expandcount=\count168

(/usr/local/texlive/2017/texmf-dist/tex/generic/pgf/frontendlayer/tikz/librarie
s/tikzlibrarytopaths.code.tex
File: tikzlibrarytopaths.code.tex 2008/06/17 v3.0.1a (rcs-revision 1.2)
)))
(/usr/local/texlive/2017/texmf-dist/tex/generic/pgf/frontendlayer/tikz/librarie
s/tikzlibrarypositioning.code.tex
File: tikzlibrarypositioning.code.tex 2008/10/06 v3.0.1a (rcs-revision 1.7)
)
(/usr/local/texlive/2017/texmf-dist/tex/latex/tools/calc.sty
Package: calc 2014/10/28 v4.3 Infix arithmetic (KKT,FJ)
\calc@Acount=\count169
\calc@Bcount=\count170
\calc@Adimen=\dimen258
\calc@Bdimen=\dimen259
\calc@Askip=\skip65
\calc@Bskip=\skip66
LaTeX Info: Redefining \setlength on input line 80.
LaTeX Info: Redefining \addtolength on input line 81.
\calc@Ccount=\count171
\calc@Cskip=\skip67
)
\c@@todonotes@numberoftodonotes=\count172
)
(/usr/local/texlive/2017/texmf-dist/tex/latex/hyperref/hyperref.sty
Package: hyperref 2017/03/14 v6.85a Hypertext links for LaTeX

(/usr/local/texlive/2017/texmf-dist/tex/generic/oberdiek/hobsub-hyperref.sty
Package: hobsub-hyperref 2016/05/16 v1.14 Bundle oberdiek, subset hyperref (HO)


(/usr/local/texlive/2017/texmf-dist/tex/generic/oberdiek/hobsub-generic.sty
Package: hobsub-generic 2016/05/16 v1.14 Bundle oberdiek, subset generic (HO)
Package: hobsub 2016/05/16 v1.14 Construct package bundles (HO)
Package hobsub Info: Skipping package `infwarerr' (already loaded).
Package hobsub Info: Skipping package `ltxcmds' (already loaded).
Package: ifluatex 2016/05/16 v1.4 Provides the ifluatex switch (HO)
Package ifluatex Info: LuaTeX not detected.
Package: ifvtex 2016/05/16 v1.6 Detect VTeX and its facilities (HO)
Package ifvtex Info: VTeX not detected.
Package: intcalc 2016/05/16 v1.2 Expandable calculations with integers (HO)
Package: ifpdf 2017/03/15 v3.2 Provides the ifpdf switch
Package: etexcmds 2016/05/16 v1.6 Avoid name clashes with e-TeX commands (HO)
Package etexcmds Info: Could not find \expanded.
(etexcmds)             That can mean that you are not using pdfTeX 1.50 or
(etexcmds)             that some package has redefined \expanded.
(etexcmds)             In the latter case, load this package earlier.
Package: kvsetkeys 2016/05/16 v1.17 Key value parser (HO)
Package: kvdefinekeys 2016/05/16 v1.4 Define keys (HO)
Package: pdftexcmds 2017/03/19 v0.25 Utility functions of pdfTeX for LuaTeX (HO
)
Package pdftexcmds Info: LuaTeX not detected.
Package pdftexcmds Info: \pdf@primitive is available.
Package pdftexcmds Info: \pdf@ifprimitive is available.
Package pdftexcmds Info: \pdfdraftmode found.
Package: pdfescape 2016/05/16 v1.14 Implements pdfTeX's escape features (HO)
Package: bigintcalc 2016/05/16 v1.4 Expandable calculations on big integers (HO
)
Package: bitset 2016/05/16 v1.2 Handle bit-vector datatype (HO)
Package: uniquecounter 2016/05/16 v1.3 Provide unlimited unique counter (HO)
)
Package hobsub Info: Skipping package `hobsub' (already loaded).
Package: letltxmacro 2016/05/16 v1.5 Let assignment for LaTeX macros (HO)
Package: hopatch 2016/05/16 v1.3 Wrapper for package hooks (HO)
Package: xcolor-patch 2016/05/16 xcolor patch
Package: atveryend 2016/05/16 v1.9 Hooks at the very end of document (HO)
Package: atbegshi 2016/06/09 v1.18 At begin shipout hook (HO)
Package: refcount 2016/05/16 v3.5 Data extraction from label references (HO)
Package: hycolor 2016/05/16 v1.8 Color options for hyperref/bookmark (HO)
)
(/usr/local/texlive/2017/texmf-dist/tex/generic/ifxetex/ifxetex.sty
Package: ifxetex 2010/09/12 v0.6 Provides ifxetex conditional
)
(/usr/local/texlive/2017/texmf-dist/tex/latex/oberdiek/auxhook.sty
Package: auxhook 2016/05/16 v1.4 Hooks for auxiliary files (HO)
)
(/usr/local/texlive/2017/texmf-dist/tex/latex/oberdiek/kvoptions.sty
Package: kvoptions 2016/05/16 v3.12 Key value format for package options (HO)
)
\@linkdim=\dimen260
\Hy@linkcounter=\count173
\Hy@pagecounter=\count174

(/usr/local/texlive/2017/texmf-dist/tex/latex/hyperref/pd1enc.def
File: pd1enc.def 2017/03/14 v6.85a Hyperref: PDFDocEncoding definition (HO)
)
\Hy@SavedSpaceFactor=\count175

(/usr/local/texlive/2017/texmf-dist/tex/latex/latexconfig/hyperref.cfg
File: hyperref.cfg 2002/06/06 v1.2 hyperref configuration of TeXLive
)
Package hyperref Info: Option `colorlinks' set `true' on input line 4374.
Package hyperref Info: Hyper figures OFF on input line 4498.
Package hyperref Info: Link nesting OFF on input line 4503.
Package hyperref Info: Hyper index ON on input line 4506.
Package hyperref Info: Plain pages OFF on input line 4513.
Package hyperref Info: Backreferencing OFF on input line 4518.
Package hyperref Info: Implicit mode ON; LaTeX internals redefined.
Package hyperref Info: Bookmarks ON on input line 4751.
\c@Hy@tempcnt=\count176

(/usr/local/texlive/2017/texmf-dist/tex/latex/url/url.sty
\Urlmuskip=\muskip11
Package: url 2013/09/16  ver 3.4  Verb mode for urls, etc.
)
LaTeX Info: Redefining \url on input line 5104.
\XeTeXLinkMargin=\dimen261
\Fld@menulength=\count177
\Field@Width=\dimen262
\Fld@charsize=\dimen263
Package hyperref Info: Hyper figures OFF on input line 6358.
Package hyperref Info: Link nesting OFF on input line 6363.
Package hyperref Info: Hyper index ON on input line 6366.
Package hyperref Info: backreferencing OFF on input line 6373.
Package hyperref Info: Link coloring ON on input line 6376.
Package hyperref Info: Link coloring with OCG OFF on input line 6383.
Package hyperref Info: PDF/A mode OFF on input line 6388.
LaTeX Info: Redefining \ref on input line 6428.
LaTeX Info: Redefining \pageref on input line 6432.
\Hy@abspage=\count178
\c@Item=\count179
\c@Hfootnote=\count180
)

Package hyperref Message: Driver (autodetected): hpdftex.

(/usr/local/texlive/2017/texmf-dist/tex/latex/hyperref/hpdftex.def
File: hpdftex.def 2017/03/14 v6.85a Hyperref driver for pdfTeX
\Fld@listcount=\count181
\c@bookmark@seq@number=\count182

(/usr/local/texlive/2017/texmf-dist/tex/latex/oberdiek/rerunfilecheck.sty
Package: rerunfilecheck 2016/05/16 v1.8 Rerun checks for auxiliary files (HO)
Package uniquecounter Info: New unique counter `rerunfilecheck' on input line 2
82.
)
\Hy@SectionHShift=\skip68
)
(./glossaryEntries.sty
Package: glossaryEntries 
)
(/usr/local/texlive/2017/texmf-dist/tex/latex/caption/caption.sty
Package: caption 2016/02/21 v3.3-144 Customizing captions (AR)

(/usr/local/texlive/2017/texmf-dist/tex/latex/caption/caption3.sty
Package: caption3 2016/05/22 v1.7-166 caption3 kernel (AR)
Package caption3 Info: TeX engine: e-TeX on input line 67.
\captionmargin=\dimen264
\captionmargin@=\dimen265
\captionwidth=\dimen266
\caption@tempdima=\dimen267
\caption@indent=\dimen268
\caption@parindent=\dimen269
\caption@hangindent=\dimen270
)
\c@ContinuedFloat=\count183
Package caption Info: hyperref package is loaded.
Package caption Info: longtable package is loaded.

(/usr/local/texlive/2017/texmf-dist/tex/latex/caption/ltcaption.sty
Package: ltcaption 2013/06/09 v1.4-94 longtable captions (AR)
)
Package caption Info: supertabular package is loaded.
)
(/usr/local/texlive/2017/texmf-dist/tex/latex/appendix/appendix.sty
Package: appendix 2009/09/02 v1.2b extra appendix facilities
\c@@pps=\count184
\c@@ppsavesec=\count185
\c@@ppsaveapp=\count186
)
(/usr/local/texlive/2017/texmf-dist/tex/latex/pdfpages/pdfpages.sty
Package: pdfpages 2017/01/14 v0.5h Insert pages of external PDF documents (AM)

(/usr/local/texlive/2017/texmf-dist/tex/latex/eso-pic/eso-pic.sty
Package: eso-pic 2015/07/21 v2.0g eso-pic (RN)
)
\AM@pagewidth=\dimen271
\AM@pageheight=\dimen272

(/usr/local/texlive/2017/texmf-dist/tex/latex/pdfpages/pppdftex.def
File: pppdftex.def 2017/01/14 v0.5h Pdfpages driver for pdfTeX (AM)
)
\AM@pagebox=\box71
\AM@global@opts=\toks45
\AM@toc@title=\toks46
\c@AM@survey=\count187
\AM@templatesizebox=\box72
)
(./NVU_eqns_version_2.aux

LaTeX Warning: Label `tab:JCli' multiply defined.


LaTeX Warning: Label `tab:JCli' multiply defined.


LaTeX Warning: Label `tab:crossbridge' multiply defined.


LaTeX Warning: Label `eq:Vcouplingi' multiply defined.


LaTeX Warning: Label `eq:JIP3couplingi' multiply defined.


LaTeX Warning: Label `eq:JCAcouplingi' multiply defined.


LaTeX Warning: Label `tab:JCA3couplingi' multiply defined.


LaTeX Warning: Label `tab:JSRuptakei' multiply defined.


LaTeX Warning: Label `tab:JKj' multiply defined.

)
\openout1 = `NVU_eqns_version_2.aux'.

LaTeX Font Info:    Checking defaults for OML/cmm/m/it on input line 148.
LaTeX Font Info:    ... okay on input line 148.
LaTeX Font Info:    Checking defaults for T1/cmr/m/n on input line 148.
LaTeX Font Info:    ... okay on input line 148.
LaTeX Font Info:    Checking defaults for OT1/cmr/m/n on input line 148.
LaTeX Font Info:    ... okay on input line 148.
LaTeX Font Info:    Checking defaults for OMS/cmsy/m/n on input line 148.
LaTeX Font Info:    ... okay on input line 148.
LaTeX Font Info:    Checking defaults for OMX/cmex/m/n on input line 148.
LaTeX Font Info:    ... okay on input line 148.
LaTeX Font Info:    Checking defaults for U/cmr/m/n on input line 148.
LaTeX Font Info:    ... okay on input line 148.
LaTeX Font Info:    Checking defaults for TS1/cmr/m/n on input line 148.
LaTeX Font Info:    Try loading font information for TS1+cmr on input line 148.

 (/usr/local/texlive/2017/texmf-dist/tex/latex/base/ts1cmr.fd
File: ts1cmr.fd 2014/09/29 v2.5h Standard LaTeX font definitions
)
LaTeX Font Info:    ... okay on input line 148.
LaTeX Font Info:    Checking defaults for PD1/pdf/m/n on input line 148.
LaTeX Font Info:    ... okay on input line 148.

(/usr/local/texlive/2017/texmf-dist/tex/context/base/mkii/supp-pdf.mkii
[Loading MPS to PDF converter (version 2006.09.02).]
\scratchcounter=\count188
\scratchdimen=\dimen273
\scratchbox=\box73
\nofMPsegments=\count189
\nofMParguments=\count190
\everyMPshowfont=\toks47
\MPscratchCnt=\count191
\MPscratchDim=\dimen274
\MPnumerator=\count192
\makeMPintoPDFobject=\count193
\everyMPtoPDFconversion=\toks48
) (/usr/local/texlive/2017/texmf-dist/tex/latex/oberdiek/epstopdf-base.sty
Package: epstopdf-base 2016/05/15 v2.6 Base part for package epstopdf

(/usr/local/texlive/2017/texmf-dist/tex/latex/oberdiek/grfext.sty
Package: grfext 2016/05/16 v1.2 Manage graphics extensions (HO)
)
Package epstopdf-base Info: Redefining graphics rule for `.eps' on input line 4
38.
Package grfext Info: Graphics extension search list:
(grfext)             [.png,.pdf,.jpg,.mps,.jpeg,.jbig2,.jb2,.PNG,.PDF,.JPG,.JPE
G,.JBIG2,.JB2,.eps]
(grfext)             \AppendGraphicsExtensions on input line 456.

(/usr/local/texlive/2017/texmf-dist/tex/latex/latexconfig/epstopdf-sys.cfg
File: epstopdf-sys.cfg 2010/07/13 v1.3 Configuration of (r)epstopdf for TeX Liv
e
))
ABD: EveryShipout initializing macros
\AtBeginShipoutBox=\box74
Package hyperref Info: Link coloring ON on input line 148.

(/usr/local/texlive/2017/texmf-dist/tex/latex/hyperref/nameref.sty
Package: nameref 2016/05/21 v2.44 Cross-referencing by name of section

(/usr/local/texlive/2017/texmf-dist/tex/generic/oberdiek/gettitlestring.sty
Package: gettitlestring 2016/05/16 v1.5 Cleanup title references (HO)
)
\c@section@level=\count194
)
LaTeX Info: Redefining \ref on input line 148.
LaTeX Info: Redefining \pageref on input line 148.
LaTeX Info: Redefining \nameref on input line 148.

(./NVU_eqns_version_2.out) (./NVU_eqns_version_2.out)
\@outlinefile=\write4
\openout4 = `NVU_eqns_version_2.out'.

Package caption Info: Begin \AtBeginDocument code.
Package caption Info: End \AtBeginDocument code.

(/usr/local/texlive/2017/texmf-dist/tex/latex/oberdiek/pdflscape.sty
Package: pdflscape 2016/05/14 v0.11 Display of landscape pages in PDF (HO)

(/usr/local/texlive/2017/texmf-dist/tex/latex/graphics/lscape.sty
Package: lscape 2000/10/22 v3.01 Landscape Pages (DPC)
)
Package pdflscape Info: Auto-detected driver: pdftex on input line 81.
) [1

{/usr/local/texlive/2017/texmf-var/fonts/map/pdftex/updmap/pdftex.map}]
(./NVU_eqns_version_2.tdo
Overfull \hbox (0.22441pt too wide) in paragraph at lines 6--6
 [][] [][]\OT1/cmr/m/n/10 Need []conservation equa-tion check with Al-lanah abo
ut the for-mat of the TRPV4 
 []

)
\tf@tdo=\write5
\openout5 = `NVU_eqns_version_2.tdo'.

pdfTeX warning (ext4): destination with the same identifier (name{page.1}) has 
been already used, duplicate ignored
<to be read again> 
                   \relax 
l.164 \chapter
              {Notes for reading} [1

]
Chapter 1.

Package hyperref Warning: Difference (2) between bookmark levels is greater 
(hyperref)                than one, level fixed on input line 170.


Package natbib Warning: Citation `Chang2013' on page 2 undefined on input line 
171.


Package natbib Warning: Citation `Kager2000a' on page 2 undefined on input line
 171.


LaTeX Warning: File `./nvu_20.pdf' not found on input line 177.


! Package pdftex.def Error: File `./nvu_20.pdf' not found.

See the pdftex.def package documentation for explanation.
Type  H <return>  for immediate help.
 ...                                              
                                                  
l.177 ...aphics[width=0.8\linewidth]{./nvu_20.pdf}
                                                  
Using draft setting for this image.
Try typing  <return>  to proceed.
If that doesn't work, type  X <return>  to quit.


LaTeX Warning: `!h' float specifier changed to `!ht'.

[2

]
Overfull \hbox (40.25066pt too wide) in paragraph at lines 186--194
 [][] 
 []

[3]

Package natbib Warning: Citation `Hodgkin1952' on page 4 undefined on input lin
e 207.


Package natbib Warning: Citation `Willms1999' on page 4 undefined on input line
 228.


Package natbib Warning: Citation `Traub1994' on page 4 undefined on input line 
228.


Package natbib Warning: Citation `Cannon1998' on page 4 undefined on input line
 228.

[4]

Package natbib Warning: Citation `Cloutier2009' on page 5 undefined on input li
ne 248.


Package natbib Warning: Citation `Heinrich1996' on page 5 undefined on input li
ne 248.

[5]

Package natbib Warning: Citation `Nicholson1981' on page 6 undefined on input l
ine 278.

[6]

Package natbib Warning: Citation `Mazel1998' on page 7 undefined on input line 
289.


Package natbib Warning: Citation `McBain1990' on page 7 undefined on input line
 289.

[7]
Chapter 2.

Package natbib Warning: Citation `Chang2013' on page 8 undefined on input line 
332.


Package natbib Warning: Citation `Chang2013' on page 8 undefined on input line 
332.


LaTeX Warning: `!h' float specifier changed to `!ht'.


Package natbib Warning: Citation `Chang2013' on page 8 undefined on input line 
368.


Package natbib Warning: Citation `Chang2013' on page 8 undefined on input line 
368.


LaTeX Warning: `!h' float specifier changed to `!ht'.

[8

] [9] [10]
Chapter 3.

Underfull \hbox (badness 10000) in paragraph at lines 423--424

 []

[11

] [12] [13] [14]
Underfull \hbox (badness 10000) in paragraph at lines 555--559

 []


Underfull \hbox (badness 10000) in paragraph at lines 564--566

 []

[15] [16]

Package natbib Warning: Citation `Santucci2008' on page 17 undefined on input l
ine 668.


Package natbib Warning: Citation `Santucci2008' on page 17 undefined on input l
ine 669.


Overfull \hbox (6.98685pt too wide) in paragraph at lines 670--670
[]|$\OT1/cmr/m/n/10 [[]][]$| 
 []


Package natbib Warning: Citation `Santucci2008' on page 17 undefined on input l
ine 670.


Package natbib Warning: Citation `Santucci2008' on page 17 undefined on input l
ine 671.


Overfull \hbox (9.33966pt too wide) in paragraph at lines 672--672
[]|$\OML/cmm/m/it/10 V[]$| 
 []


Overfull \hbox (3.81184pt too wide) in paragraph at lines 673--673
[]|$\OML/cmm/m/it/10 K[]$| 
 []


Package natbib Warning: Citation `Hayashi1999' on page 17 undefined on input li
ne 673.


Package natbib Warning: Citation `Comerford2008' on page 17 undefined on input 
line 674.


Package natbib Warning: Citation `Santucci2008' on page 17 undefined on input l
ine 675.


Package natbib Warning: Citation `Santucci2008' on page 17 undefined on input l
ine 676.


Package natbib Warning: Citation `Santucci2008' on page 17 undefined on input l
ine 678.


Overfull \hbox (0.83957pt too wide) in paragraph at lines 679--679
[]|$\OML/cmm/m/it/10 P[]=P[]$| 
 []


Package natbib Warning: Citation `Santucci2008' on page 17 undefined on input l
ine 679.


Overfull \hbox (1.77016pt too wide) in paragraph at lines 680--680
[]|$\OT1/cmr/m/n/10 [[]][]$| 
 []


Package natbib Warning: Citation `Santucci2008' on page 17 undefined on input l
ine 680.


Package natbib Warning: Citation `Santucci2008' on page 17 undefined on input l
ine 681.


Package natbib Warning: Citation `Santucci2008' on page 17 undefined on input l
ine 682.


Package natbib Warning: Citation `Santucci2008' on page 17 undefined on input l
ine 683.


Package natbib Warning: Citation `Santucci2008' on page 17 undefined on input l
ine 684.


Package natbib Warning: Citation `Santucci2008' on page 17 undefined on input l
ine 685.


Package natbib Warning: Citation `Crouch1980' on page 17 undefined on input lin
e 686.


Package natbib Warning: Citation `Crouch1980' on page 17 undefined on input lin
e 687.


Package natbib Warning: Citation `Crouch1980' on page 17 undefined on input lin
e 688.


Package natbib Warning: Citation `Crouch1980' on page 17 undefined on input lin
e 689.


Overfull \hbox (7.82462pt too wide) in paragraph at lines 690--690
[]|$\OML/cmm/m/it/10 V[]$| 
 []


Package natbib Warning: Citation `Chen2006a' on page 17 undefined on input line
 690.


Package natbib Warning: Citation `Chen2007' on page 17 undefined on input line 
692.


Overfull \hbox (2.10925pt too wide) in paragraph at lines 693--693
[]|$\OT1/cmr/m/n/10 [[]][]$| 
 []


Package natbib Warning: Citation `Chen2007' on page 17 undefined on input line 
693.


Overfull \hbox (10.90794pt too wide) in paragraph at lines 694--694
[]|$\OML/cmm/m/it/10 K[]$| 
 []


Package natbib Warning: Citation `Chen2006a' on page 17 undefined on input line
 694.


Underfull \hbox (badness 3657) in paragraph at lines 695--695
[]|\OT1/cmr/m/n/8 9.6$\OMS/cmsy/m/n/8 ^^B$\OT1/cmr/m/n/8 10$[]$ \TS1/cmr/m/n/8 
µ\OT1/cmr/m/n/8 M$[]$
 []


Package natbib Warning: Citation `Kavdia2002' on page 17 undefined on input lin
e 695.


Package natbib Warning: Citation `Malinski1993' on page 17 undefined on input l
ine 697.


Overfull \hbox (20.8596pt too wide) in paragraph at lines 664--700
 [][] 
 []

Package hyperref Info: bookmark level for unknown todo defaults to 0 on input l
ine 703.
[17] [18] [19]
Underfull \hbox (badness 10000) in paragraph at lines 801--802

 []

[20]

Package natbib Warning: Citation `Santucci2008' on page 21 undefined on input l
ine 812.


Overfull \hbox (5.35504pt too wide) in paragraph at lines 826--832
 [][] 
 []


Package natbib Warning: Citation `Ostby2009' on page 21 undefined on input line
 923.


Underfull \hbox (badness 10000) in paragraph at lines 923--924
[]|\OT1/cmr/m/n/8 [\OT1/cmr/bx/n/8 ?
 []


Overfull \hbox (5.35504pt too wide) in paragraph at lines 921--926
 [][] 
 []


LaTeX Warning: `!h' float specifier changed to `!ht'.

[21]
Overfull \hbox (5.75821pt too wide) in paragraph at lines 970--970
[]|\OT1/cmr/m/n/8 9.6$\OMS/cmsy/m/n/8 ^^B$\OT1/cmr/m/n/8 10$[]$\TS1/cmr/m/n/8 µ
\OT1/cmr/m/n/8 M$[]$s$[]$| 
 []


Package natbib Warning: Citation `Kavdia2002' on page 22 undefined on input lin
e 970.


Underfull \hbox (badness 10000) in paragraph at lines 971--972
[]|\OT1/cmr/m/n/8 model as-sump-
 []


Overfull \hbox (1.48038pt too wide) in paragraph at lines 968--975
 [][] 
 []


Overfull \hbox (14.11029pt too wide) in paragraph at lines 1005--1005
[]|$\OML/cmm/m/it/10 EET[]$| 
 []


LaTeX Warning: Command \textmu invalid in math mode on input line 1005.


LaTeX Warning: Command \textmu invalid in math mode on input line 1005.

Missing character: There is no µ in font cmr8!

Overfull \hbox (1.48038pt too wide) in paragraph at lines 997--1008
 [][] 
 []


LaTeX Warning: `!h' float specifier changed to `!ht'.


Underfull \hbox (badness 10000) in paragraph at lines 1009--1010

 []

[22]
Overfull \hbox (1.48038pt too wide) in paragraph at lines 1040--1046
 [][] 
 []


Underfull \hbox (badness 10000) in paragraph at lines 1049--1050

 []

[23]
Overfull \hbox (2.83981pt too wide) in paragraph at lines 1071--1071
[]|$\OML/cmm/m/it/10 BK[]$| 
 []


Overfull \hbox (1.48038pt too wide) in paragraph at lines 1067--1081
 [][] 
 []


Overfull \hbox (11.07565pt too wide) in paragraph at lines 1106--1106
[]|$[][]$| 
 []


Overfull \hbox (1.48038pt too wide) in paragraph at lines 1104--1111
 [][] 
 []


LaTeX Warning: `!h' float specifier changed to `!ht'.


Overfull \hbox (78.94405pt too wide) detected at line 1125
 $\OML/cmm/m/it/10 v[] \OT1/cmr/m/n/10 = []$  
 []

[24]

Package natbib Warning: Citation `Ostby2009' on page 25 undefined on input line
 1157.


Underfull \hbox (badness 10000) in paragraph at lines 1157--1158
[]|\OT1/cmr/m/n/8 [\OT1/cmr/bx/n/8 ?
 []


Overfull \hbox (5.35504pt too wide) in paragraph at lines 1155--1168
 [][] 
 []

[25]

Package natbib Warning: Citation `Witthoft2012' on page 26 undefined on input l
ine 1192.


Underfull \hbox (badness 10000) in paragraph at lines 1192--1193
[]|\OT1/cmr/m/n/8 [\OT1/cmr/bx/n/8 ?
 []


Package natbib Warning: Citation `Witthoft2012' on page 26 undefined on input l
ine 1193.


Underfull \hbox (badness 10000) in paragraph at lines 1193--1194
[]|\OT1/cmr/m/n/8 [\OT1/cmr/bx/n/8 ?
 []


Overfull \hbox (1.38318pt too wide) in paragraph at lines 1194--1194
[]|$\OML/cmm/m/it/10 ^^W[]$| 
 []


Overfull \hbox (1.38318pt too wide) in paragraph at lines 1195--1195
[]|$\OML/cmm/m/it/10 ^^W[]$| 
 []


Overfull \hbox (19.58444pt too wide) in paragraph at lines 1198--1199
[]|\OT1/cmr/m/n/8 estimate| 
 []


Overfull \hbox (19.58444pt too wide) in paragraph at lines 1199--1200
[]|\OT1/cmr/m/n/8 estimate| 
 []


Overfull \hbox (5.35504pt too wide) in paragraph at lines 1190--1202
 [][] 
 []

[26]

Package natbib Warning: Citation `Ostby2009' on page 27 undefined on input line
 1252.


Underfull \hbox (badness 10000) in paragraph at lines 1252--1253
[]|\OT1/cmr/m/n/8 [\OT1/cmr/bx/n/8 ?
 []


Package natbib Warning: Citation `Ostby2009' on page 27 undefined on input line
 1253.


Underfull \hbox (badness 10000) in paragraph at lines 1253--1254
[]|\OT1/cmr/m/n/8 [\OT1/cmr/bx/n/8 ?
 []


Package natbib Warning: Citation `Ostby2009' on page 27 undefined on input line
 1254.


Underfull \hbox (badness 10000) in paragraph at lines 1254--1255
[]|\OT1/cmr/m/n/8 [\OT1/cmr/bx/n/8 ?
 []


Package natbib Warning: Citation `Ostby2009' on page 27 undefined on input line
 1255.


Underfull \hbox (badness 10000) in paragraph at lines 1255--1256
[]|\OT1/cmr/m/n/8 [\OT1/cmr/bx/n/8 ?
 []


Package natbib Warning: Citation `Ostby2009' on page 27 undefined on input line
 1256.


Underfull \hbox (badness 10000) in paragraph at lines 1256--1257
[]|\OT1/cmr/m/n/8 [\OT1/cmr/bx/n/8 ?
 []


Package natbib Warning: Citation `Ostby2009' on page 27 undefined on input line
 1257.


Underfull \hbox (badness 10000) in paragraph at lines 1257--1258
[]|\OT1/cmr/m/n/8 [\OT1/cmr/bx/n/8 ?
 []


Overfull \hbox (5.48415pt too wide) in paragraph at lines 1258--1258
[]|$\OML/cmm/m/it/10 g[]$| 
 []


Package natbib Warning: Citation `Ostby2009' on page 27 undefined on input line
 1258.


Underfull \hbox (badness 10000) in paragraph at lines 1258--1259
[]|\OT1/cmr/m/n/8 [\OT1/cmr/bx/n/8 ?
 []


Overfull \hbox (3.76796pt too wide) in paragraph at lines 1259--1259
[]|$\OML/cmm/m/it/10 J[]$| 
 []


Package natbib Warning: Citation `Ostby2009' on page 27 undefined on input line
 1259.


Underfull \hbox (badness 10000) in paragraph at lines 1259--1260
[]|\OT1/cmr/m/n/8 [\OT1/cmr/bx/n/8 ?
 []


Package natbib Warning: Citation `GonzalezFernandez1994' on page 27 undefined o
n input line 1260.


Underfull \hbox (badness 10000) in paragraph at lines 1260--1261
[]|\OT1/cmr/m/n/8 [\OT1/cmr/bx/n/8 ?
 []


Overfull \hbox (5.35504pt too wide) in paragraph at lines 1247--1264
 [][] 
 []

[27]

Package natbib Warning: Citation `Nagelhus1999' on page 28 undefined on input l
ine 1282.


Underfull \hbox (badness 10000) in paragraph at lines 1282--1283
[]|\OT1/cmr/m/n/8 [\OT1/cmr/bx/n/8 ?
 []


Package natbib Warning: Citation `Nagelhus1999' on page 28 undefined on input l
ine 1283.


Underfull \hbox (badness 10000) in paragraph at lines 1283--1284
[]|\OT1/cmr/m/n/8 [\OT1/cmr/bx/n/8 ?
 []


Overfull \hbox (3.05421pt too wide) in paragraph at lines 1284--1284
[]|$\OML/cmm/m/it/10 Ca[]$| 
 []


Overfull \hbox (5.35504pt too wide) in paragraph at lines 1280--1288
 [][] 
 []


Package natbib Warning: Citation `Dormanns2014' on page 28 undefined on input l
ine 1325.

[28]

Package natbib Warning: Citation `Koenigsberger2006' on page 29 undefined on in
put line 1350.


Underfull \hbox (badness 10000) in paragraph at lines 1350--1351
[]|\OT1/cmr/m/n/8 [\OT1/cmr/bx/n/8 ?
 []


Package natbib Warning: Citation `Koenigsberger2006' on page 29 undefined on in
put line 1351.


Underfull \hbox (badness 10000) in paragraph at lines 1351--1352
[]|\OT1/cmr/m/n/8 [\OT1/cmr/bx/n/8 ?
 []


Overfull \hbox (1.93419pt too wide) in paragraph at lines 1352--1353
[]|\OT1/cmr/m/n/8 ME| 
 []


Overfull \hbox (1.93419pt too wide) in paragraph at lines 1353--1354
[]|\OT1/cmr/m/n/8 ME| 
 []


Overfull \hbox (1.93419pt too wide) in paragraph at lines 1354--1355
[]|\OT1/cmr/m/n/8 ME| 
 []


Overfull \hbox (5.35504pt too wide) in paragraph at lines 1348--1358
 [][] 
 []


Package natbib Warning: Citation `Koenigsberger2006' on page 29 undefined on in
put line 1370.


Underfull \hbox (badness 10000) in paragraph at lines 1370--1371
[]|\OT1/cmr/m/n/8 [\OT1/cmr/bx/n/8 ?
 []


Package natbib Warning: Citation `Koenigsberger2006' on page 29 undefined on in
put line 1371.


Underfull \hbox (badness 10000) in paragraph at lines 1371--1372
[]|\OT1/cmr/m/n/8 [\OT1/cmr/bx/n/8 ?
 []


Overfull \hbox (5.35504pt too wide) in paragraph at lines 1368--1375
 [][] 
 []


Package natbib Warning: Citation `Koenigsberger2006' on page 29 undefined on in
put line 1387.


Underfull \hbox (badness 10000) in paragraph at lines 1387--1388
[]|\OT1/cmr/m/n/8 [\OT1/cmr/bx/n/8 ?
 []


Package natbib Warning: Citation `Koenigsberger2006' on page 29 undefined on in
put line 1388.


Underfull \hbox (badness 10000) in paragraph at lines 1388--1389
[]|\OT1/cmr/m/n/8 [\OT1/cmr/bx/n/8 ?
 []


Package natbib Warning: Citation `Koenigsberger2006' on page 29 undefined on in
put line 1389.


Underfull \hbox (badness 10000) in paragraph at lines 1389--1390
[]|\OT1/cmr/m/n/8 [\OT1/cmr/bx/n/8 ?
 []


Overfull \hbox (5.35504pt too wide) in paragraph at lines 1385--1393
 [][] 
 []


LaTeX Warning: `!h' float specifier changed to `!ht'.


Package natbib Warning: Citation `Koenigsberger2006' on page 29 undefined on in
put line 1405.


Underfull \hbox (badness 10000) in paragraph at lines 1405--1406
[]|\OT1/cmr/m/n/8 [\OT1/cmr/bx/n/8 ?
 []


Package natbib Warning: Citation `Koenigsberger2006' on page 29 undefined on in
put line 1406.


Underfull \hbox (badness 10000) in paragraph at lines 1406--1407
[]|\OT1/cmr/m/n/8 [\OT1/cmr/bx/n/8 ?
 []


Package natbib Warning: Citation `Koenigsberger2006' on page 29 undefined on in
put line 1407.


Underfull \hbox (badness 10000) in paragraph at lines 1407--1408
[]|\OT1/cmr/m/n/8 [\OT1/cmr/bx/n/8 ?
 []


Overfull \hbox (5.35504pt too wide) in paragraph at lines 1403--1411
 [][] 
 []


LaTeX Warning: `!h' float specifier changed to `!ht'.


Package natbib Warning: Citation `Koenigsberger2006' on page 29 undefined on in
put line 1422.


Underfull \hbox (badness 10000) in paragraph at lines 1422--1423
[]|\OT1/cmr/m/n/8 [\OT1/cmr/bx/n/8 ?
 []


Overfull \hbox (5.35504pt too wide) in paragraph at lines 1420--1426
 [][] 
 []


Underfull \hbox (badness 10000) in paragraph at lines 1417--1428

 []


LaTeX Warning: `!h' float specifier changed to `!ht'.

[29]

Package natbib Warning: Citation `Koenigsberger2006' on page 30 undefined on in
put line 1437.


Underfull \hbox (badness 10000) in paragraph at lines 1437--1438
[]|\OT1/cmr/m/n/8 [\OT1/cmr/bx/n/8 ?
 []


Package natbib Warning: Citation `Koenigsberger2006' on page 30 undefined on in
put line 1438.


Underfull \hbox (badness 10000) in paragraph at lines 1438--1439
[]|\OT1/cmr/m/n/8 [\OT1/cmr/bx/n/8 ?
 []


Package natbib Warning: Citation `Koenigsberger2006' on page 30 undefined on in
put line 1439.


Underfull \hbox (badness 10000) in paragraph at lines 1439--1440
[]|\OT1/cmr/m/n/8 [\OT1/cmr/bx/n/8 ?
 []


Package natbib Warning: Citation `Koenigsberger2006' on page 30 undefined on in
put line 1440.


Underfull \hbox (badness 10000) in paragraph at lines 1440--1441
[]|\OT1/cmr/m/n/8 [\OT1/cmr/bx/n/8 ?
 []


Overfull \hbox (5.35504pt too wide) in paragraph at lines 1435--1444
 [][] 
 []

[30]
Overfull \hbox (2.38531pt too wide) in paragraph at lines 1455--1455
[]|$\OML/cmm/m/it/10 G[]$| 
 []


Package natbib Warning: Citation `Koenigsberger2006' on page 31 undefined on in
put line 1455.


Underfull \hbox (badness 10000) in paragraph at lines 1455--1456
[]|\OT1/cmr/m/n/8 [\OT1/cmr/bx/n/8 ?
 []


Package natbib Warning: Citation `Koenigsberger2006' on page 31 undefined on in
put line 1456.


Underfull \hbox (badness 10000) in paragraph at lines 1456--1457
[]|\OT1/cmr/m/n/8 [\OT1/cmr/bx/n/8 ?
 []


Package natbib Warning: Citation `Koenigsberger2006' on page 31 undefined on in
put line 1457.


Underfull \hbox (badness 10000) in paragraph at lines 1457--1458
[]|\OT1/cmr/m/n/8 [\OT1/cmr/bx/n/8 ?
 []


Overfull \hbox (5.35504pt too wide) in paragraph at lines 1453--1461
 [][] 
 []


Package natbib Warning: Citation `Koenigsberger2006' on page 31 undefined on in
put line 1475.


Underfull \hbox (badness 10000) in paragraph at lines 1475--1476
[]|\OT1/cmr/m/n/8 [\OT1/cmr/bx/n/8 ?
 []


Package natbib Warning: Citation `Koenigsberger2006' on page 31 undefined on in
put line 1476.


Underfull \hbox (badness 10000) in paragraph at lines 1476--1477
[]|\OT1/cmr/m/n/8 [\OT1/cmr/bx/n/8 ?
 []


Overfull \hbox (1.93419pt too wide) in paragraph at lines 1477--1478
[]|\OT1/cmr/m/n/8 ME| 
 []


Package natbib Warning: Citation `Koenigsberger2006' on page 31 undefined on in
put line 1478.


Underfull \hbox (badness 10000) in paragraph at lines 1478--1479
[]|\OT1/cmr/m/n/8 [\OT1/cmr/bx/n/8 ?
 []


Package natbib Warning: Citation `Koenigsberger2006' on page 31 undefined on in
put line 1479.


Underfull \hbox (badness 10000) in paragraph at lines 1479--1480
[]|\OT1/cmr/m/n/8 [\OT1/cmr/bx/n/8 ?
 []


Overfull \hbox (5.35504pt too wide) in paragraph at lines 1473--1483
 [][] 
 []


Package natbib Warning: Citation `Koenigsberger2006' on page 31 undefined on in
put line 1495.


Underfull \hbox (badness 10000) in paragraph at lines 1495--1496
[]|\OT1/cmr/m/n/8 [\OT1/cmr/bx/n/8 ?
 []


Overfull \hbox (5.35504pt too wide) in paragraph at lines 1493--1499
 [][] 
 []


Package natbib Warning: Citation `Koenigsberger2006' on page 31 undefined on in
put line 1510.


Underfull \hbox (badness 10000) in paragraph at lines 1510--1511
[]|\OT1/cmr/m/n/8 [\OT1/cmr/bx/n/8 ?
 []


Package natbib Warning: Citation `Koenigsberger2006' on page 31 undefined on in
put line 1511.


Underfull \hbox (badness 10000) in paragraph at lines 1511--1512
[]|\OT1/cmr/m/n/8 [\OT1/cmr/bx/n/8 ?
 []


Overfull \hbox (5.35504pt too wide) in paragraph at lines 1508--1515
 [][] 
 []


LaTeX Warning: `!h' float specifier changed to `!ht'.


Package natbib Warning: Citation `Koenigsberger2006' on page 31 undefined on in
put line 1527.


Underfull \hbox (badness 10000) in paragraph at lines 1527--1528
[]|\OT1/cmr/m/n/8 [\OT1/cmr/bx/n/8 ?
 []


Package natbib Warning: Citation `Koenigsberger2006' on page 31 undefined on in
put line 1528.


Underfull \hbox (badness 10000) in paragraph at lines 1528--1529
[]|\OT1/cmr/m/n/8 [\OT1/cmr/bx/n/8 ?
 []


Overfull \hbox (5.35504pt too wide) in paragraph at lines 1525--1532
 [][] 
 []


LaTeX Warning: `!h' float specifier changed to `!ht'.

[31]

Package natbib Warning: Citation `Koenigsberger2006' on page 32 undefined on in
put line 1562.


Underfull \hbox (badness 10000) in paragraph at lines 1562--1563
[]|\OT1/cmr/m/n/8 [\OT1/cmr/bx/n/8 ?
 []


Package natbib Warning: Citation `Koenigsberger2006' on page 32 undefined on in
put line 1563.


Underfull \hbox (badness 10000) in paragraph at lines 1563--1564
[]|\OT1/cmr/m/n/8 [\OT1/cmr/bx/n/8 ?
 []


Package natbib Warning: Citation `Koenigsberger2006' on page 32 undefined on in
put line 1564.


Underfull \hbox (badness 10000) in paragraph at lines 1564--1565
[]|\OT1/cmr/m/n/8 [\OT1/cmr/bx/n/8 ?
 []


Package natbib Warning: Citation `Koenigsberger2006' on page 32 undefined on in
put line 1565.


Underfull \hbox (badness 10000) in paragraph at lines 1565--1571
[]|\OT1/cmr/m/n/8 [\OT1/cmr/bx/n/8 ?
 []


Package natbib Warning: Citation `Filosa2006' on page 32 undefined on input lin
e 1571.


Underfull \hbox (badness 10000) in paragraph at lines 1571--1572
[]|\OT1/cmr/m/n/8 [\OT1/cmr/bx/n/8 ?
 []


Package natbib Warning: Citation `Filosa2006' on page 32 undefined on input lin
e 1572.


Underfull \hbox (badness 10000) in paragraph at lines 1572--1573
[]|\OT1/cmr/m/n/8 [\OT1/cmr/bx/n/8 ?
 []


Package natbib Warning: Citation `Filosa2006' on page 32 undefined on input lin
e 1573.


Underfull \hbox (badness 10000) in paragraph at lines 1573--1574
[]|\OT1/cmr/m/n/8 [\OT1/cmr/bx/n/8 ?
 []


Package natbib Warning: Citation `Filosa2006' on page 32 undefined on input lin
e 1574.


Underfull \hbox (badness 10000) in paragraph at lines 1574--1575
[]|\OT1/cmr/m/n/8 [\OT1/cmr/bx/n/8 ?
 []


Package natbib Warning: Citation `Filosa2006' on page 32 undefined on input lin
e 1575.


Underfull \hbox (badness 10000) in paragraph at lines 1575--1576
[]|\OT1/cmr/m/n/8 [\OT1/cmr/bx/n/8 ?
 []


Overfull \hbox (5.35504pt too wide) in paragraph at lines 1560--1579
 [][] 
 []


Overfull \hbox (5.35504pt too wide) in paragraph at lines 1582--1588
 [][] 
 []


LaTeX Warning: `!h' float specifier changed to `!ht'.


Package natbib Warning: Citation `Koenigsberger2006' on page 32 undefined on in
put line 1598.


Underfull \hbox (badness 10000) in paragraph at lines 1598--1599
[]|\OT1/cmr/m/n/8 [\OT1/cmr/bx/n/8 ?
 []


Overfull \hbox (5.35504pt too wide) in paragraph at lines 1596--1602
 [][] 
 []


LaTeX Warning: `!h' float specifier changed to `!ht'.

[32]
Overfull \hbox (1.93419pt too wide) in paragraph at lines 1624--1625
[]|\OT1/cmr/m/n/8 ME| 
 []


Package natbib Warning: Citation `Koenigsberger2006' on page 33 undefined on in
put line 1625.


Underfull \hbox (badness 10000) in paragraph at lines 1625--1626
[]|\OT1/cmr/m/n/8 [\OT1/cmr/bx/n/8 ?
 []


Package natbib Warning: Citation `Koenigsberger2006' on page 33 undefined on in
put line 1626.


Underfull \hbox (badness 10000) in paragraph at lines 1626--1627
[]|\OT1/cmr/m/n/8 [\OT1/cmr/bx/n/8 ?
 []


Overfull \hbox (5.35504pt too wide) in paragraph at lines 1622--1629
 [][] 
 []


Package natbib Warning: Citation `Koenigsberger2006' on page 33 undefined on in
put line 1641.


Underfull \hbox (badness 10000) in paragraph at lines 1641--1642
[]|\OT1/cmr/m/n/8 [\OT1/cmr/bx/n/8 ?
 []


Package natbib Warning: Citation `Koenigsberger2006' on page 33 undefined on in
put line 1642.


Underfull \hbox (badness 10000) in paragraph at lines 1642--1644
[]|\OT1/cmr/m/n/8 [\OT1/cmr/bx/n/8 ?
 []


Overfull \hbox (5.35504pt too wide) in paragraph at lines 1639--1647
 [][] 
 []

[33]

Package natbib Warning: Citation `Dormanns2016b' on page 34 undefined on input 
line 1710.


Package natbib Warning: Citation `Dormanns2014' on page 34 undefined on input l
ine 1715.

[34]

Package natbib Warning: Citation `Yang2005' on page 35 undefined on input line 
1737.


Underfull \hbox (badness 5726) in paragraph at lines 1738--1738
[]|\OT1/cmr/m/n/8 2$\OMS/cmsy/m/n/8 ^^B$\OT1/cmr/m/n/8 10$[]$ \TS1/cmr/m/n/8 µ\
OT1/cmr/m/n/8 M$[]$
 []


Package natbib Warning: Citation `Yang2005' on page 35 undefined on input line 
1738.


Package natbib Warning: Citation `Yang2005' on page 35 undefined on input line 
1739.


Package natbib Warning: Citation `Yang2005' on page 35 undefined on input line 
1740.


Package natbib Warning: Citation `Yang2005' on page 35 undefined on input line 
1741.


Package natbib Warning: Citation `Yang2005' on page 35 undefined on input line 
1742.


Package natbib Warning: Citation `Yang2005' on page 35 undefined on input line 
1743.


Underfull \hbox (badness 10000) in paragraph at lines 1744--1744
[]|\OT1/cmr/m/n/8 0.011 s$[]$
 []


Package natbib Warning: Citation `Yang2005' on page 35 undefined on input line 
1744.


Package natbib Warning: Citation `Yang2005' on page 35 undefined on input line 
1745.


Package natbib Warning: Citation `Yang2005' on page 35 undefined on input line 
1746.


Underfull \hbox (badness 10000) in paragraph at lines 1747--1747
[]|\OT1/cmr/m/n/8 58.1395
 []


Package natbib Warning: Citation `Hai1988' on page 35 undefined on input line 1
747.


Package natbib Warning: Citation `Yang2005' on page 35 undefined on input line 
1748.


Underfull \hbox (badness 10000) in paragraph at lines 1749--1749
[]|\OT1/cmr/m/n/8 first-order rate con-stant for []-
 []


Package natbib Warning: Citation `Yang2005' on page 35 undefined on input line 
1749.


Package natbib Warning: Citation `Stockand1996' on page 35 undefined on input l
ine 1750.


Package natbib Warning: Citation `Koenigsberger2006' on page 35 undefined on in
put line 1751.


Package natbib Warning: Citation `Stockand1996' on page 35 undefined on input l
ine 1752.


Package natbib Warning: Citation `Stockand1996' on page 35 undefined on input l
ine 1753.


Package natbib Warning: Citation `Dormanns2014' on page 35 undefined on input l
ine 1754.


Package natbib Warning: Citation `Koenigsberger2006' on page 35 undefined on in
put line 1755.


Package natbib Warning: Citation `Dormanns2014' on page 35 undefined on input l
ine 1756.


Package natbib Warning: Citation `Koenigsberger2006' on page 35 undefined on in
put line 1757.


Package natbib Warning: Citation `Yang2005' on page 35 undefined on input line 
1758.


Overfull \hbox (13.11026pt too wide) in paragraph at lines 1735--1761
 [][] 
 []


LaTeX Warning: `!h' float specifier changed to `!ht'.


Package natbib Warning: Citation `Hai1989' on page 35 undefined on input line 1
806.


Underfull \hbox (badness 10000) in paragraph at lines 1806--1807
[]|\OT1/cmr/m/n/8 [\OT1/cmr/bx/n/8 ?
 []


Underfull \hbox (badness 10000) in paragraph at lines 1807--1807
[]|\OT1/cmr/m/n/8 Rate con-stants rep-re-sent-ing the at-tach-
 []


Underfull \hbox (badness 1371) in paragraph at lines 1807--1807
\OT1/cmr/m/n/8 ment/detachment of fast cy-cling phos-pho-ry-lated
 []


Package natbib Warning: Citation `Hai1989' on page 35 undefined on input line 1
807.


Underfull \hbox (badness 10000) in paragraph at lines 1807--1808
[]|\OT1/cmr/m/n/8 [\OT1/cmr/bx/n/8 ?
 []


Underfull \hbox (badness 10000) in paragraph at lines 1808--1808
[]|\OT1/cmr/m/n/8 Rate con-stants rep-re-sent-ing the at-tach-
 []


Underfull \hbox (badness 1371) in paragraph at lines 1808--1808
\OT1/cmr/m/n/8 ment/detachment of fast cy-cling phos-pho-ry-lated
 []


Package natbib Warning: Citation `Hai1989' on page 35 undefined on input line 1
808.


Underfull \hbox (badness 10000) in paragraph at lines 1808--1809
[]|\OT1/cmr/m/n/8 [\OT1/cmr/bx/n/8 ?
 []


Package natbib Warning: Citation `Hai1989' on page 35 undefined on input line 1
809.


Underfull \hbox (badness 10000) in paragraph at lines 1809--1810
[]|\OT1/cmr/m/n/8 [\OT1/cmr/bx/n/8 ?
 []


Package natbib Warning: Citation `Hai1989' on page 35 undefined on input line 1
810.


Underfull \hbox (badness 10000) in paragraph at lines 1810--1811
[]|\OT1/cmr/m/n/8 [\OT1/cmr/bx/n/8 ?
 []


Package natbib Warning: Citation `Koenigsberger2005' on page 35 undefined on in
put line 1811.


Underfull \hbox (badness 10000) in paragraph at lines 1811--1812
[]|\OT1/cmr/m/n/8 [\OT1/cmr/bx/n/8 ?
 []


Package natbib Warning: Citation `Koenigsberger2005' on page 35 undefined on in
put line 1812.


Underfull \hbox (badness 10000) in paragraph at lines 1812--1813
[]|\OT1/cmr/m/n/8 [\OT1/cmr/bx/n/8 ?
 []


Overfull \hbox (5.35504pt too wide) in paragraph at lines 1804--1817
 [][] 
 []


LaTeX Warning: `!h' float specifier changed to `!ht'.

[35] [36] [37]

Package natbib Warning: Citation `Koenigsberger2006' on page 38 undefined on in
put line 1850.


Underfull \hbox (badness 10000) in paragraph at lines 1850--1851
[]|\OT1/cmr/m/n/8 [\OT1/cmr/bx/n/8 ?
 []


Overfull \hbox (1.93419pt too wide) in paragraph at lines 1851--1852
[]|\OT1/cmr/m/n/8 ME| 
 []


Overfull \hbox (1.93419pt too wide) in paragraph at lines 1852--1853
[]|\OT1/cmr/m/n/8 ME| 
 []


Package natbib Warning: Citation `Gore1985' on page 38 undefined on input line 
1853.


Underfull \hbox (badness 10000) in paragraph at lines 1853--1854
[]|\OT1/cmr/m/n/8 [\OT1/cmr/bx/n/8 ?
 []


Package natbib Warning: Citation `Gore1985' on page 38 undefined on input line 
1854.


Underfull \hbox (badness 10000) in paragraph at lines 1854--1855
[]|\OT1/cmr/m/n/8 [\OT1/cmr/bx/n/8 ?
 []


Package natbib Warning: Citation `Gore1985' on page 38 undefined on input line 
1855.


Underfull \hbox (badness 10000) in paragraph at lines 1855--1856
[]|\OT1/cmr/m/n/8 [\OT1/cmr/bx/n/8 ?
 []


Overfull \hbox (5.35504pt too wide) in paragraph at lines 1848--1860
 [][] 
 []


Overfull \hbox (1.93419pt too wide) in paragraph at lines 1908--1909
[]|\OT1/cmr/m/n/8 ME| 
 []


Package natbib Warning: Citation `Koenigsberger2006' on page 38 undefined on in
put line 1909.


Underfull \hbox (badness 10000) in paragraph at lines 1909--1910
[]|\OT1/cmr/m/n/8 [\OT1/cmr/bx/n/8 ?
 []


Package natbib Warning: Citation `Koenigsberger2006' on page 38 undefined on in
put line 1910.


Underfull \hbox (badness 10000) in paragraph at lines 1910--1911
[]|\OT1/cmr/m/n/8 [\OT1/cmr/bx/n/8 ?
 []


Overfull \hbox (5.35504pt too wide) in paragraph at lines 1906--1914
 [][] 
 []


LaTeX Warning: `!h' float specifier changed to `!ht'.


Package natbib Warning: Citation `Koenigsberger2006' on page 38 undefined on in
put line 1920.


Underfull \hbox (badness 10000) in paragraph at lines 1920--1921
[]|\OT1/cmr/m/n/8 [\OT1/cmr/bx/n/8 ?
 []


Package natbib Warning: Citation `Koenigsberger2006' on page 38 undefined on in
put line 1921.


Underfull \hbox (badness 10000) in paragraph at lines 1921--1922
[]|\OT1/cmr/m/n/8 [\OT1/cmr/bx/n/8 ?
 []


Overfull \hbox (5.35504pt too wide) in paragraph at lines 1918--1925
 [][] 
 []


LaTeX Warning: `!h' float specifier changed to `!ht'.

[38]
Underfull \hbox (badness 10000) in paragraph at lines 1954--1958

 []


Package natbib Warning: Citation `Koenigsberger2006' on page 39 undefined on in
put line 1965.


Underfull \hbox (badness 10000) in paragraph at lines 1965--1966
[]|\OT1/cmr/m/n/8 [\OT1/cmr/bx/n/8 ?
 []


Package natbib Warning: Citation `Koenigsberger2006' on page 39 undefined on in
put line 1966.


Underfull \hbox (badness 10000) in paragraph at lines 1966--1967
[]|\OT1/cmr/m/n/8 [\OT1/cmr/bx/n/8 ?
 []


Overfull \hbox (5.35504pt too wide) in paragraph at lines 1963--1970
 [][] 
 []


LaTeX Warning: `!h' float specifier changed to `!ht'.

[39]

Package natbib Warning: Citation `Koenigsberger2006' on page 40 undefined on in
put line 1982.


Underfull \hbox (badness 10000) in paragraph at lines 1982--1983
[]|\OT1/cmr/m/n/8 [\OT1/cmr/bx/n/8 ?
 []


Package natbib Warning: Citation `Koenigsberger2006' on page 40 undefined on in
put line 1983.


Underfull \hbox (badness 10000) in paragraph at lines 1983--1984
[]|\OT1/cmr/m/n/8 [\OT1/cmr/bx/n/8 ?
 []


Overfull \hbox (5.35504pt too wide) in paragraph at lines 1980--1987
 [][] 
 []


Package natbib Warning: Citation `Koenigsberger2006' on page 40 undefined on in
put line 1999.


Underfull \hbox (badness 10000) in paragraph at lines 1999--2000
[]|\OT1/cmr/m/n/8 [\OT1/cmr/bx/n/8 ?
 []


Package natbib Warning: Citation `Koenigsberger2006' on page 40 undefined on in
put line 2000.


Underfull \hbox (badness 10000) in paragraph at lines 2000--2001
[]|\OT1/cmr/m/n/8 [\OT1/cmr/bx/n/8 ?
 []


Package natbib Warning: Citation `Koenigsberger2006' on page 40 undefined on in
put line 2001.


Underfull \hbox (badness 10000) in paragraph at lines 2001--2002
[]|\OT1/cmr/m/n/8 [\OT1/cmr/bx/n/8 ?
 []


Overfull \hbox (5.35504pt too wide) in paragraph at lines 1997--2005
 [][] 
 []


Package natbib Warning: Citation `Koenigsberger2005' on page 40 undefined on in
put line 2017.


Underfull \hbox (badness 10000) in paragraph at lines 2017--2018
[]|\OT1/cmr/m/n/8 [\OT1/cmr/bx/n/8 ?
 []


Overfull \hbox (5.35504pt too wide) in paragraph at lines 2015--2021
 [][] 
 []


Package natbib Warning: Citation `Koenigsberger2006' on page 40 undefined on in
put line 2033.


Underfull \hbox (badness 10000) in paragraph at lines 2033--2034
[]|\OT1/cmr/m/n/8 [\OT1/cmr/bx/n/8 ?
 []


Package natbib Warning: Citation `Koenigsberger2006' on page 40 undefined on in
put line 2034.


Underfull \hbox (badness 10000) in paragraph at lines 2034--2035
[]|\OT1/cmr/m/n/8 [\OT1/cmr/bx/n/8 ?
 []


Overfull \hbox (1.93419pt too wide) in paragraph at lines 2035--2036
[]|\OT1/cmr/m/n/8 ME| 
 []


Package natbib Warning: Citation `Koenigsberger2006' on page 40 undefined on in
put line 2036.


Underfull \hbox (badness 10000) in paragraph at lines 2036--2037
[]|\OT1/cmr/m/n/8 [\OT1/cmr/bx/n/8 ?
 []


Package natbib Warning: Citation `Koenigsberger2006' on page 40 undefined on in
put line 2037.


Underfull \hbox (badness 10000) in paragraph at lines 2037--2038
[]|\OT1/cmr/m/n/8 [\OT1/cmr/bx/n/8 ?
 []


Overfull \hbox (5.35504pt too wide) in paragraph at lines 2031--2041
 [][] 
 []


LaTeX Warning: `!h' float specifier changed to `!ht'.


Package natbib Warning: Citation `Koenigsberger2006' on page 40 undefined on in
put line 2053.


Underfull \hbox (badness 10000) in paragraph at lines 2053--2054
[]|\OT1/cmr/m/n/8 [\OT1/cmr/bx/n/8 ?
 []


Overfull \hbox (5.35504pt too wide) in paragraph at lines 2051--2057
 [][] 
 []

[40]

Package natbib Warning: Citation `Koenigsberger2006' on page 41 undefined on in
put line 2070.


Underfull \hbox (badness 10000) in paragraph at lines 2070--2071
[]|\OT1/cmr/m/n/8 [\OT1/cmr/bx/n/8 ?
 []


Package natbib Warning: Citation `Koenigsberger2006' on page 41 undefined on in
put line 2071.


Underfull \hbox (badness 10000) in paragraph at lines 2071--2072
[]|\OT1/cmr/m/n/8 [\OT1/cmr/bx/n/8 ?
 []


Package natbib Warning: Citation `Koenigsberger2006' on page 41 undefined on in
put line 2073.


Underfull \hbox (badness 10000) in paragraph at lines 2073--2074
[]|\OT1/cmr/m/n/8 [\OT1/cmr/bx/n/8 ?
 []


Package natbib Warning: Citation `Koenigsberger2006' on page 41 undefined on in
put line 2074.


Underfull \hbox (badness 10000) in paragraph at lines 2074--2075
[]|\OT1/cmr/m/n/8 [\OT1/cmr/bx/n/8 ?
 []


Overfull \hbox (5.35504pt too wide) in paragraph at lines 2068--2078
 [][] 
 []


Package natbib Warning: Citation `Koenigsberger2006' on page 41 undefined on in
put line 2091.


Underfull \hbox (badness 10000) in paragraph at lines 2091--2092
[]|\OT1/cmr/m/n/8 [\OT1/cmr/bx/n/8 ?
 []


Package natbib Warning: Citation `Koenigsberger2006' on page 41 undefined on in
put line 2092.


Underfull \hbox (badness 10000) in paragraph at lines 2092--2093
[]|\OT1/cmr/m/n/8 [\OT1/cmr/bx/n/8 ?
 []


Overfull \hbox (5.35504pt too wide) in paragraph at lines 2089--2096
 [][] 
 []

[41]

Package natbib Warning: Citation `Koenigsberger2006' on page 42 undefined on in
put line 2113.


Underfull \hbox (badness 10000) in paragraph at lines 2113--2114
[]|\OT1/cmr/m/n/8 [\OT1/cmr/bx/n/8 ?
 []


Package natbib Warning: Citation `Koenigsberger2006' on page 42 undefined on in
put line 2114.


Underfull \hbox (badness 10000) in paragraph at lines 2114--2115
[]|\OT1/cmr/m/n/8 [\OT1/cmr/bx/n/8 ?
 []


Package natbib Warning: Citation `Koenigsberger2006' on page 42 undefined on in
put line 2115.


Underfull \hbox (badness 10000) in paragraph at lines 2115--2116
[]|\OT1/cmr/m/n/8 [\OT1/cmr/bx/n/8 ?
 []


Package natbib Warning: Citation `Koenigsberger2006' on page 42 undefined on in
put line 2116.


Underfull \hbox (badness 10000) in paragraph at lines 2116--2117
[]|\OT1/cmr/m/n/8 [\OT1/cmr/bx/n/8 ?
 []


Package natbib Warning: Citation `Koenigsberger2006' on page 42 undefined on in
put line 2117.


Underfull \hbox (badness 10000) in paragraph at lines 2117--2118
[]|\OT1/cmr/m/n/8 [\OT1/cmr/bx/n/8 ?
 []


Package natbib Warning: Citation `Koenigsberger2006' on page 42 undefined on in
put line 2118.


Underfull \hbox (badness 10000) in paragraph at lines 2118--2119
[]|\OT1/cmr/m/n/8 [\OT1/cmr/bx/n/8 ?
 []


Package natbib Warning: Citation `Koenigsberger2006' on page 42 undefined on in
put line 2119.


Underfull \hbox (badness 10000) in paragraph at lines 2119--2120
[]|\OT1/cmr/m/n/8 [\OT1/cmr/bx/n/8 ?
 []


Package natbib Warning: Citation `Koenigsberger2006' on page 42 undefined on in
put line 2120.


Underfull \hbox (badness 10000) in paragraph at lines 2120--2121
[]|\OT1/cmr/m/n/8 [\OT1/cmr/bx/n/8 ?
 []


Overfull \hbox (5.35504pt too wide) in paragraph at lines 2111--2124
 [][] 
 []


Package natbib Warning: Citation `Koenigsberger2006' on page 42 undefined on in
put line 2136.


Underfull \hbox (badness 10000) in paragraph at lines 2136--2137
[]|\OT1/cmr/m/n/8 [\OT1/cmr/bx/n/8 ?
 []


Package natbib Warning: Citation `Koenigsberger2006' on page 42 undefined on in
put line 2137.


Underfull \hbox (badness 10000) in paragraph at lines 2137--2138
[]|\OT1/cmr/m/n/8 [\OT1/cmr/bx/n/8 ?
 []


Overfull \hbox (5.35504pt too wide) in paragraph at lines 2134--2141
 [][] 
 []


Package natbib Warning: Citation `Koenigsberger2006' on page 42 undefined on in
put line 2153.


Underfull \hbox (badness 10000) in paragraph at lines 2153--2154
[]|\OT1/cmr/m/n/8 [\OT1/cmr/bx/n/8 ?
 []


Overfull \hbox (5.35504pt too wide) in paragraph at lines 2151--2157
 [][] 
 []

[42]
Underfull \hbox (badness 1331) in paragraph at lines 2202--2202
[]|\OT1/cmr/m/n/8 relative strength of the []-dependent
 []


Package natbib Warning: Citation `Comerford2008' on page 43 undefined on input 
line 2202.


Package natbib Warning: Citation `Comerford2008' on page 43 undefined on input 
line 2203.


Package natbib Warning: Citation `Comerford2008' on page 43 undefined on input 
line 2204.


Package natbib Warning: Citation `Dormanns2014' on page 43 undefined on input l
ine 2205.


Overfull \hbox (2.95073pt too wide) in paragraph at lines 2206--2206
[]|$\OML/cmm/m/it/10 K[]$| 
 []


Package natbib Warning: Citation `Comerford2008' on page 43 undefined on input 
line 2206.


Underfull \hbox (badness 1377) in paragraph at lines 2207--2207
[]|\OT1/cmr/m/n/8 maximum wall-shear-stress-induced eNOS
 []


Package natbib Warning: Citation `Comerford2008' on page 43 undefined on input 
line 2207.


Package natbib Warning: Citation `Comerford2008' on page 43 undefined on input 
line 2208.


Package natbib Warning: Citation `Comerford2008' on page 43 undefined on input 
line 2209.


Package natbib Warning: Citation `Comerford2008' on page 43 undefined on input 
line 2210.


Package natbib Warning: Citation `Dormanns2014' on page 43 undefined on input l
ine 2211.


Overfull \hbox (6.59485pt too wide) in paragraph at lines 2212--2212
[]|$\OML/cmm/m/it/10 V[]$| 
 []


Package natbib Warning: Citation `Chen2006a' on page 43 undefined on input line
 2212.


Package natbib Warning: Citation `Chen2006a' on page 43 undefined on input line
 2214.


Overfull \hbox (0.87949pt too wide) in paragraph at lines 2215--2215
[]|$\OT1/cmr/m/n/10 [[]][]$| 
 []


Package natbib Warning: Citation `Chen2006a' on page 43 undefined on input line
 2215.


Overfull \hbox (9.67818pt too wide) in paragraph at lines 2216--2216
[]|$\OML/cmm/m/it/10 K[]$| 
 []


Package natbib Warning: Citation `Chen2006a' on page 43 undefined on input line
 2216.


Underfull \hbox (badness 3657) in paragraph at lines 2218--2218
[]|\OT1/cmr/m/n/8 9.6$\OMS/cmsy/m/n/8 ^^B$\OT1/cmr/m/n/8 10$[]$ \TS1/cmr/m/n/8 
µ\OT1/cmr/m/n/8 M$[]$
 []


Package natbib Warning: Citation `Kavdia2002' on page 43 undefined on input lin
e 2218.


Overfull \hbox (13.10435pt too wide) in paragraph at lines 2200--2221
 [][] 
 []

[43]
Underfull \hbox (badness 10000) in paragraph at lines 2508--2509
[]|\OT1/cmr/m/n/8 whole SMC con-duc-
 []


Underfull \hbox (badness 1072) in paragraph at lines 2510--2511
[]|\OT1/cmr/m/n/8 rate of $\OML/cmm/m/it/8 K[]$ \OT1/cmr/m/n/8 in-flux by
 []


Underfull \hbox (badness 7256) in paragraph at lines 2510--2511
\OT1/cmr/m/n/8 the sodium/potassium
 []


Overfull \hbox (13.10435pt too wide) in paragraph at lines 2503--2513
 [][] 
 []

No file NVU_eqns_version_2.bbl.

Package natbib Warning: There were undefined citations.

[44]
Package atveryend Info: Empty hook `BeforeClearDocument' on input line 2632.
Package atveryend Info: Empty hook `AfterLastShipout' on input line 2632.
 (./NVU_eqns_version_2.aux)
Package atveryend Info: Executing hook `AtVeryEndDocument' on input line 2632.
Package atveryend Info: Executing hook `AtEndAfterFileList' on input line 2632.

Package rerunfilecheck Info: File `NVU_eqns_version_2.out' has not changed.
(rerunfilecheck)             Checksum: E1662D82452F14C244ECF8754788DB51;1991.


LaTeX Warning: There were multiply-defined labels.

 ) 
Here is how much of TeX's memory you used:
 23897 strings out of 492995
 424875 string characters out of 6132703
 564473 words of memory out of 5000000
 26676 multiletter control sequences out of 15000+600000
 12631 words of font info for 45 fonts, out of 8000000 for 9000
 1141 hyphenation exceptions out of 8191
 62i,18n,92p,1953b,855s stack positions out of 5000i,500n,10000p,200000b,80000s
{/usr/local/texlive/2017/texmf-dist/fonts/enc/dvips/cm-super/cm-super-ts1.enc
}</usr/local/texlive/2017/texmf-dist/fonts/type1/public/amsfonts/cm/cmbx10.pfb>
</usr/local/texlive/2017/texmf-dist/fonts/type1/public/amsfonts/cm/cmbx12.pfb><
/usr/local/texlive/2017/texmf-dist/fonts/type1/public/amsfonts/cm/cmbx8.pfb></u
sr/local/texlive/2017/texmf-dist/fonts/type1/public/amsfonts/cm/cmbx9.pfb></usr
/local/texlive/2017/texmf-dist/fonts/type1/public/amsfonts/cm/cmex10.pfb></usr/
local/texlive/2017/texmf-dist/fonts/type1/public/amsfonts/cmextra/cmex7.pfb></u
sr/local/texlive/2017/texmf-dist/fonts/type1/public/amsfonts/cm/cmmi10.pfb></us
r/local/texlive/2017/texmf-dist/fonts/type1/public/amsfonts/cm/cmmi5.pfb></usr/
local/texlive/2017/texmf-dist/fonts/type1/public/amsfonts/cm/cmmi6.pfb></usr/lo
cal/texlive/2017/texmf-dist/fonts/type1/public/amsfonts/cm/cmmi7.pfb></usr/loca
l/texlive/2017/texmf-dist/fonts/type1/public/amsfonts/cm/cmmi8.pfb></usr/local/
texlive/2017/texmf-dist/fonts/type1/public/amsfonts/cm/cmr10.pfb></usr/local/te
xlive/2017/texmf-dist/fonts/type1/public/amsfonts/cm/cmr12.pfb></usr/local/texl
ive/2017/texmf-dist/fonts/type1/public/amsfonts/cm/cmr17.pfb></usr/local/texliv
e/2017/texmf-dist/fonts/type1/public/amsfonts/cm/cmr5.pfb></usr/local/texlive/2
017/texmf-dist/fonts/type1/public/amsfonts/cm/cmr6.pfb></usr/local/texlive/2017
/texmf-dist/fonts/type1/public/amsfonts/cm/cmr7.pfb></usr/local/texlive/2017/te
xmf-dist/fonts/type1/public/amsfonts/cm/cmr8.pfb></usr/local/texlive/2017/texmf
-dist/fonts/type1/public/amsfonts/cm/cmr9.pfb></usr/local/texlive/2017/texmf-di
st/fonts/type1/public/amsfonts/cm/cmss8.pfb></usr/local/texlive/2017/texmf-dist
/fonts/type1/public/amsfonts/cm/cmsy10.pfb></usr/local/texlive/2017/texmf-dist/
fonts/type1/public/amsfonts/cm/cmsy5.pfb></usr/local/texlive/2017/texmf-dist/fo
nts/type1/public/amsfonts/cm/cmsy6.pfb></usr/local/texlive/2017/texmf-dist/font
s/type1/public/amsfonts/cm/cmsy7.pfb></usr/local/texlive/2017/texmf-dist/fonts/
type1/public/amsfonts/cm/cmsy8.pfb></usr/local/texlive/2017/texmf-dist/fonts/ty
pe1/public/amsfonts/cm/cmtt10.pfb></usr/local/texlive/2017/texmf-dist/fonts/typ
e1/public/cm-super/sfbx1000.pfb></usr/local/texlive/2017/texmf-dist/fonts/type1
/public/cm-super/sfrm0800.pfb></usr/local/texlive/2017/texmf-dist/fonts/type1/p
ublic/cm-super/sfrm1000.pfb>
Output written on NVU_eqns_version_2.pdf (45 pages, 483892 bytes).
PDF statistics:
 788 PDF objects out of 1000 (max. 8388607)
 704 compressed objects within 8 object streams
 333 named destinations out of 1000 (max. 500000)
 221 words of extra memory for PDF output out of 10000 (max. 10000000)

